2024-08-24 19:25:42,224 - INFO - Начало процесса проверки и создания сигналов
2024-08-24 19:25:42,224 - INFO - Анализ пары: BTC/USDT
2024-08-24 19:25:45,997 - INFO - Начало анализа тренда
2024-08-24 19:25:46,038 - INFO - Тренд: боковой, Точность: 98%, Прогноз: upward
2024-08-24 19:25:46,838 - INFO - Обновлен существующий сигнал для пары BTC/USDT: боковой с точностью 98
2024-08-24 19:25:46,838 - INFO - Анализ пары: ETH/USDT
2024-08-24 19:25:47,141 - INFO - Начало анализа тренда
2024-08-24 19:25:47,147 - INFO - Тренд: боковой, Точность: 98%, Прогноз: upward
2024-08-24 19:25:47,445 - INFO - Обновлен существующий сигнал для пары ETH/USDT: боковой с точностью 98
2024-08-24 19:25:47,445 - INFO - Анализ пары: ADA/USDT
2024-08-24 19:25:48,204 - INFO - Начало анализа тренда
2024-08-24 19:25:48,212 - INFO - Тренд: боковой, Точность: 88%, Прогноз: upward
2024-08-24 19:25:48,961 - INFO - Обновлен существующий сигнал для пары ADA/USDT: боковой с точностью 88
2024-08-24 19:25:48,961 - INFO - Анализ пары: TON/USDT
2024-08-24 19:25:49,266 - INFO - Начало анализа тренда
2024-08-24 19:25:49,276 - INFO - Тренд: боковой, Точность: 75%, Прогноз: upward
2024-08-24 19:25:49,575 - INFO - Обновлен существующий сигнал для пары TON/USDT: боковой с точностью 75
2024-08-24 19:25:49,575 - INFO - Завершение процесса проверки и создания сигналов
2024-08-24 19:28:28,560 - INFO - Начало процесса проверки и создания сигналов
2024-08-24 19:28:28,561 - INFO - Анализ пары: BTC/USDT
2024-08-24 19:28:34,842 - INFO - Начало анализа тренда
2024-08-24 19:28:34,869 - INFO - Тренд: боковой, Точность: 99%, Прогноз: upward
2024-08-24 19:28:35,179 - INFO - Закрыт старый сигнал и создан новый для пары BTC/USDT: боковой с точностью 99
2024-08-24 19:28:35,179 - INFO - Анализ пары: ETH/USDT
2024-08-24 19:28:35,475 - INFO - Начало анализа тренда
2024-08-24 19:28:35,488 - INFO - Тренд: боковой, Точность: 98%, Прогноз: upward
2024-08-24 19:28:35,786 - INFO - Закрыт старый сигнал и создан новый для пары ETH/USDT: боковой с точностью 98
2024-08-24 19:28:35,786 - INFO - Анализ пары: ADA/USDT
2024-08-24 19:28:36,084 - INFO - Начало анализа тренда
2024-08-24 19:28:36,087 - INFO - Тренд: боковой, Точность: 85%, Прогноз: upward
2024-08-24 19:28:36,390 - INFO - Создан новый сигнал для пары ADA/USDT: боковой с точностью 85
2024-08-24 19:28:36,391 - INFO - Анализ пары: TON/USDT
2024-08-24 19:28:36,694 - INFO - Начало анализа тренда
2024-08-24 19:28:36,715 - INFO - Тренд: боковой, Точность: 76%, Прогноз: upward
2024-08-24 19:28:37,012 - INFO - Создан новый сигнал для пары TON/USDT: боковой с точностью 76
2024-08-24 19:28:37,012 - INFO - Завершение процесса проверки и создания сигналов
2024-08-24 19:30:07,793 - INFO - Начало процесса проверки и создания сигналов
2024-08-24 19:30:07,793 - INFO - Анализ пары: BTC/USDT
2024-08-24 19:30:08,099 - INFO - Начало анализа тренда
2024-08-24 19:30:08,115 - INFO - Тренд: боковой, Точность: 98%, Прогноз: upward
2024-08-24 19:30:08,415 - INFO - Обновлен существующий сигнал для пары BTC/USDT: боковой с точностью 98
2024-08-24 19:30:08,415 - INFO - Анализ пары: ETH/USDT
2024-08-24 19:30:08,711 - INFO - Начало анализа тренда
2024-08-24 19:30:08,722 - INFO - Тренд: боковой, Точность: 99%, Прогноз: upward
2024-08-24 19:30:09,019 - INFO - Обновлен существующий сигнал для пары ETH/USDT: боковой с точностью 99
2024-08-24 19:30:09,019 - INFO - Анализ пары: ADA/USDT
2024-08-24 19:30:09,424 - INFO - Начало анализа тренда
2024-08-24 19:30:09,432 - INFO - Тренд: боковой, Точность: 87%, Прогноз: upward
2024-08-24 19:30:09,764 - INFO - Обновлен существующий сигнал для пары ADA/USDT: боковой с точностью 87
2024-08-24 19:30:09,764 - INFO - Анализ пары: TON/USDT
2024-08-24 19:30:10,066 - INFO - Начало анализа тренда
2024-08-24 19:30:10,078 - INFO - Тренд: боковой, Точность: 77%, Прогноз: upward
2024-08-24 19:30:10,378 - INFO - Обновлен существующий сигнал для пары TON/USDT: боковой с точностью 77
2024-08-24 19:30:10,378 - INFO - Завершение процесса проверки и создания сигналов
2024-08-24 19:31:07,788 - INFO - Начало процесса проверки и создания сигналов
2024-08-24 19:31:07,788 - INFO - Анализ пары: BTC/USDT
2024-08-24 19:31:08,093 - INFO - Начало анализа тренда
2024-08-24 19:31:08,104 - INFO - Тренд: боковой, Точность: 97%, Прогноз: upward
2024-08-24 19:31:08,402 - INFO - Обновлен существующий сигнал для пары BTC/USDT: боковой с точностью 97
2024-08-24 19:31:08,403 - INFO - Анализ пары: ETH/USDT
2024-08-24 19:31:08,699 - INFO - Начало анализа тренда
2024-08-24 19:31:08,708 - INFO - Тренд: боковой, Точность: 97%, Прогноз: upward
2024-08-24 19:31:09,005 - INFO - Обновлен существующий сигнал для пары ETH/USDT: боковой с точностью 97
2024-08-24 19:31:09,005 - INFO - Анализ пары: ADA/USDT
2024-08-24 19:31:09,301 - INFO - Начало анализа тренда
2024-08-24 19:31:09,305 - INFO - Тренд: боковой, Точность: 89%, Прогноз: upward
2024-08-24 19:31:09,603 - INFO - Обновлен существующий сигнал для пары ADA/USDT: боковой с точностью 89
2024-08-24 19:31:09,603 - INFO - Анализ пары: TON/USDT
2024-08-24 19:31:09,903 - INFO - Начало анализа тренда
2024-08-24 19:31:09,910 - INFO - Тренд: боковой, Точность: 80%, Прогноз: upward
2024-08-24 19:31:10,210 - INFO - Обновлен существующий сигнал для пары TON/USDT: боковой с точностью 80
2024-08-24 19:31:10,210 - INFO - Завершение процесса проверки и создания сигналов
2024-08-24 19:32:07,790 - INFO - Начало процесса проверки и создания сигналов
2024-08-24 19:32:07,791 - INFO - Анализ пары: BTC/USDT
2024-08-24 19:32:08,093 - INFO - Начало анализа тренда
2024-08-24 19:32:08,110 - INFO - Тренд: боковой, Точность: 99%, Прогноз: upward
2024-08-24 19:32:08,407 - INFO - Обновлен существующий сигнал для пары BTC/USDT: боковой с точностью 99
2024-08-24 19:32:08,407 - INFO - Анализ пары: ETH/USDT
2024-08-24 19:32:08,712 - INFO - Начало анализа тренда
2024-08-24 19:32:08,717 - INFO - Тренд: боковой, Точность: 99%, Прогноз: upward
2024-08-24 19:32:09,024 - INFO - Обновлен существующий сигнал для пары ETH/USDT: боковой с точностью 99
2024-08-24 19:32:09,024 - INFO - Анализ пары: ADA/USDT
2024-08-24 19:32:09,318 - INFO - Начало анализа тренда
2024-08-24 19:32:09,323 - INFO - Тренд: боковой, Точность: 86%, Прогноз: upward
2024-08-24 19:32:09,620 - INFO - Обновлен существующий сигнал для пары ADA/USDT: боковой с точностью 86
2024-08-24 19:32:09,620 - INFO - Анализ пары: TON/USDT
2024-08-24 19:32:09,916 - INFO - Начало анализа тренда
2024-08-24 19:32:09,924 - INFO - Тренд: боковой, Точность: 77%, Прогноз: upward
2024-08-24 19:32:10,223 - INFO - Обновлен существующий сигнал для пары TON/USDT: боковой с точностью 77
2024-08-24 19:32:10,223 - INFO - Завершение процесса проверки и создания сигналов
2024-08-24 19:37:26,405 - INFO - Начало процесса проверки и создания сигналов
2024-08-24 19:37:26,405 - INFO - Анализ пары: BTC/USDT
2024-08-24 19:37:31,980 - INFO - Начало анализа тренда
2024-08-24 19:37:32,013 - INFO - Тренд: боковой, Точность: 98%, Прогноз: upward
2024-08-24 19:37:32,353 - INFO - Обновлен существующий сигнал для пары BTC/USDT: боковой с точностью 98
2024-08-24 19:37:32,353 - INFO - Анализ пары: ETH/USDT
2024-08-24 19:37:32,662 - INFO - Начало анализа тренда
2024-08-24 19:37:32,667 - INFO - Тренд: боковой, Точность: 99%, Прогноз: upward
2024-08-24 19:37:32,966 - INFO - Обновлен существующий сигнал для пары ETH/USDT: боковой с точностью 99
2024-08-24 19:37:32,968 - INFO - Анализ пары: ADA/USDT
2024-08-24 19:37:33,292 - INFO - Начало анализа тренда
2024-08-24 19:37:33,298 - INFO - Тренд: боковой, Точность: 84%, Прогноз: upward
2024-08-24 19:37:33,597 - INFO - Обновлен существующий сигнал для пары ADA/USDT: боковой с точностью 84
2024-08-24 19:37:33,598 - INFO - Анализ пары: TON/USDT
2024-08-24 19:37:33,899 - INFO - Начало анализа тренда
2024-08-24 19:37:33,905 - INFO - Тренд: боковой, Точность: 77%, Прогноз: upward
2024-08-24 19:37:34,202 - INFO - Обновлен существующий сигнал для пары TON/USDT: боковой с точностью 77
2024-08-24 19:37:34,202 - INFO - Завершение процесса проверки и создания сигналов
