2024-08-22 14:47:17,422 - INFO - Удалено 2 файлов логов. Созданы новые пустые файлы.
2024-08-22 14:47:18,964 - INFO - Бот запускается.
2024-08-22 14:47:19,170 - INFO - Выполнение начального анализа и отправка сигналов.
2024-08-22 14:52:30,079 - INFO - Запущена команда /delete_tables.
2024-08-22 14:52:30,308 - INFO - Все таблицы удалены и заново созданы.
2024-08-22 14:52:33,993 - INFO - Бот запускается.
2024-08-22 14:52:34,079 - INFO - Выполнение начального анализа и отправка сигналов.
2024-08-22 14:52:44,276 - INFO - Запущена команда /table_signals.
2024-08-22 14:52:44,610 - INFO - Таблица `signals` отправлена.
2024-08-22 14:52:50,934 - INFO - Периодическая проверка сигналов запущена.
2024-08-22 14:53:04,056 - INFO - Запущена команда /table_signals.
2024-08-22 14:53:04,245 - INFO - Таблица `signals` отправлена.
2024-08-22 15:05:28,375 - INFO - Запущена команда /count.
2024-08-22 15:05:28,674 - INFO - Количество открытых сигналов: 4, закрытых сигналов: 0
2024-08-22 15:05:33,208 - INFO - Запущена команда /table_signals.
2024-08-22 15:05:33,457 - INFO - Таблица `signals` отправлена.
2024-08-22 15:05:35,681 - INFO - Команда /show запущена.
2024-08-22 15:05:49,175 - INFO - Закрытых сигналов нет.
2024-08-22 15:06:21,000 - INFO - Запущена команда /delete_tables.
2024-08-22 15:06:21,425 - INFO - Все таблицы удалены и заново созданы.
2024-08-22 15:06:22,950 - INFO - Бот запускается.
2024-08-22 15:06:23,134 - INFO - Выполнение начального анализа и отправка сигналов.
2024-08-22 15:06:36,155 - INFO - Периодическая проверка сигналов запущена.
2024-08-22 15:07:24,300 - INFO - Запущена команда /delete_tables.
2024-08-22 15:07:24,548 - INFO - Все таблицы удалены и заново созданы.
2024-08-22 15:07:26,110 - INFO - Бот запускается.
2024-08-22 15:07:26,204 - INFO - Выполнение начального анализа и отправка сигналов.
2024-08-22 15:07:44,046 - INFO - Периодическая проверка сигналов запущена.
2024-08-22 15:10:50,935 - INFO - Запущена команда /delete_tables.
2024-08-22 15:10:51,222 - INFO - Все таблицы удалены и заново созданы.
2024-08-22 15:10:52,059 - INFO - Бот запускается.
2024-08-22 15:10:52,218 - INFO - Выполнение начального анализа и отправка сигналов.
2024-08-22 15:11:13,913 - INFO - Периодическая проверка сигналов запущена.
2024-08-22 15:14:35,168 - INFO - Command /show initiated.
2024-08-22 15:14:35,171 - INFO - Found 4 active signals.
2024-08-22 15:14:47,461 - INFO - No closed signals found.
2024-08-22 15:14:56,856 - INFO - Запущена команда /delete_tables.
2024-08-22 15:14:56,962 - INFO - Все таблицы удалены и заново созданы.
2024-08-22 15:14:58,355 - INFO - Бот запускается.
2024-08-22 15:14:58,462 - INFO - Выполнение начального анализа и отправка сигналов.
2024-08-22 15:15:16,655 - INFO - Периодическая проверка сигналов запущена.
2024-08-22 15:22:54,126 - INFO - Запущена команда /delete_tables.
2024-08-22 15:22:54,434 - INFO - Все таблицы удалены и заново созданы.
2024-08-22 15:22:55,430 - INFO - Бот запускается.
2024-08-22 15:22:55,582 - INFO - Выполнение начального анализа и отправка сигналов.
2024-08-22 15:23:03,896 - INFO - Форматирование сигнала: BTC/USDT, Count Sends: 0, Статус: Новый сигнал
2024-08-22 15:23:06,471 - INFO - Форматирование сигнала: ETH/USDT, Count Sends: 0, Статус: Новый сигнал
2024-08-22 15:23:08,747 - INFO - Форматирование сигнала: ADA/USDT, Count Sends: 0, Статус: Новый сигнал
2024-08-22 15:23:10,853 - INFO - Форматирование сигнала: TON/USDT, Count Sends: 0, Статус: Новый сигнал
2024-08-22 15:23:13,900 - INFO - Периодическая проверка сигналов запущена.
2024-08-22 15:24:18,904 - INFO - Processing pending signals.
2024-08-22 15:26:10,024 - INFO - Запущена команда /delete_tables.
2024-08-22 15:26:10,244 - INFO - Все таблицы удалены и заново созданы.
2024-08-22 15:26:12,004 - INFO - Бот запускается.
2024-08-22 15:26:12,102 - INFO - Выполнение начального анализа и отправка сигналов.
2024-08-22 15:26:19,459 - INFO - Форматирование сигнала: BTC/USDT, Count Sends: 0, Статус: Новый сигнал
2024-08-22 15:26:21,941 - INFO - Форматирование сигнала: ETH/USDT, Count Sends: 0, Статус: Новый сигнал
2024-08-22 15:26:24,633 - INFO - Форматирование сигнала: ADA/USDT, Count Sends: 0, Статус: Новый сигнал
2024-08-22 15:26:26,901 - INFO - Форматирование сигнала: TON/USDT, Count Sends: 0, Статус: Новый сигнал
2024-08-22 15:26:29,228 - INFO - Периодическая проверка сигналов запущена.
2024-08-22 15:27:33,333 - INFO - Processing pending signals.
2024-08-22 15:27:33,335 - INFO - New signal: BTC/USDT (ID: 1)
2024-08-22 15:27:33,335 - INFO - New signal: ETH/USDT (ID: 2)
2024-08-22 15:27:33,335 - INFO - New signal: ADA/USDT (ID: 3)
2024-08-22 15:27:33,336 - INFO - New signal: TON/USDT (ID: 4)
2024-08-22 15:27:33,336 - INFO - New signal: BTC/USDT (ID: 1)
2024-08-22 15:27:33,336 - INFO - New signal: ETH/USDT (ID: 2)
2024-08-22 15:27:33,337 - INFO - New signal: ADA/USDT (ID: 3)
2024-08-22 15:27:33,337 - INFO - New signal: TON/USDT (ID: 4)
2024-08-22 15:27:33,337 - INFO - Using chat_id: 34949444
2024-08-22 15:27:33,337 - INFO - Sending 8 new signals.
2024-08-22 15:27:33,661 - INFO - Форматирование сигнала: BTC/USDT, Count Sends: 0, Статус: Новый сигнал
2024-08-22 15:27:35,678 - INFO - Форматирование сигнала: ETH/USDT, Count Sends: 0, Статус: Новый сигнал
2024-08-22 15:27:37,634 - INFO - Форматирование сигнала: ADA/USDT, Count Sends: 0, Статус: Новый сигнал
2024-08-22 15:27:39,999 - INFO - Форматирование сигнала: TON/USDT, Count Sends: 0, Статус: Новый сигнал
2024-08-22 15:27:42,116 - INFO - Форматирование сигнала: BTC/USDT, Count Sends: 0, Статус: Новый сигнал
2024-08-22 15:27:44,606 - INFO - Форматирование сигнала: ETH/USDT, Count Sends: 0, Статус: Новый сигнал
2024-08-22 15:27:46,466 - INFO - Форматирование сигнала: ADA/USDT, Count Sends: 0, Статус: Новый сигнал
2024-08-22 15:27:48,507 - INFO - Форматирование сигнала: TON/USDT, Count Sends: 0, Статус: Новый сигнал
2024-08-22 15:27:50,751 - INFO - Sent 8 signals.
2024-08-22 15:30:12,078 - INFO - Запущена команда /delete_tables.
2024-08-22 15:30:13,433 - INFO - Все таблицы удалены и заново созданы.
2024-08-22 15:30:18,209 - INFO - Бот запускается.
2024-08-22 15:30:18,321 - INFO - Выполнение начального анализа и отправка сигналов.
2024-08-22 15:30:25,584 - INFO - Форматирование сигнала: BTC/USDT, Count Sends: 0, Статус: Новый сигнал
2024-08-22 15:30:28,102 - INFO - Форматирование сигнала: ETH/USDT, Count Sends: 0, Статус: Новый сигнал
2024-08-22 15:30:30,108 - INFO - Форматирование сигнала: ADA/USDT, Count Sends: 0, Статус: Новый сигнал
2024-08-22 15:30:32,348 - INFO - Форматирование сигнала: TON/USDT, Count Sends: 0, Статус: Новый сигнал
2024-08-22 15:30:35,255 - INFO - Периодическая проверка сигналов запущена.
2024-08-22 15:31:16,616 - INFO - Запущена команда /table_signals.
2024-08-22 15:31:17,186 - INFO - Таблица `signals` отправлена.
2024-08-22 15:31:39,455 - INFO - Processing pending signals.
2024-08-22 15:31:39,456 - INFO - New signal: BTC/USDT (ID: 1)
2024-08-22 15:31:39,457 - INFO - New signal: ETH/USDT (ID: 2)
2024-08-22 15:31:39,457 - INFO - New signal: ADA/USDT (ID: 3)
2024-08-22 15:31:39,458 - INFO - New signal: TON/USDT (ID: 4)
2024-08-22 15:31:39,458 - INFO - New signal: BTC/USDT (ID: 1)
2024-08-22 15:31:39,458 - INFO - New signal: ETH/USDT (ID: 2)
2024-08-22 15:31:39,459 - INFO - New signal: ADA/USDT (ID: 3)
2024-08-22 15:31:39,459 - INFO - New signal: TON/USDT (ID: 4)
2024-08-22 15:31:39,459 - INFO - New signal: BTC/USDT (ID: 1)
2024-08-22 15:31:39,460 - INFO - New signal: ETH/USDT (ID: 2)
2024-08-22 15:31:39,460 - INFO - New signal: ADA/USDT (ID: 3)
2024-08-22 15:31:39,460 - INFO - New signal: TON/USDT (ID: 4)
2024-08-22 15:31:39,460 - INFO - Using chat_id: 34949444
2024-08-22 15:31:39,460 - INFO - Sending 12 new signals.
2024-08-22 15:31:39,775 - INFO - Форматирование сигнала: BTC/USDT, Count Sends: 0, Статус: Новый сигнал
2024-08-22 15:31:41,868 - INFO - Форматирование сигнала: ETH/USDT, Count Sends: 0, Статус: Новый сигнал
2024-08-22 15:31:43,757 - INFO - Форматирование сигнала: ADA/USDT, Count Sends: 0, Статус: Новый сигнал
2024-08-22 15:31:45,849 - INFO - Форматирование сигнала: TON/USDT, Count Sends: 0, Статус: Новый сигнал
2024-08-22 15:31:48,431 - INFO - Форматирование сигнала: BTC/USDT, Count Sends: 0, Статус: Новый сигнал
2024-08-22 15:31:51,446 - INFO - Форматирование сигнала: ETH/USDT, Count Sends: 0, Статус: Новый сигнал
2024-08-22 15:31:53,385 - INFO - Форматирование сигнала: ADA/USDT, Count Sends: 0, Статус: Новый сигнал
2024-08-22 15:31:55,314 - INFO - Форматирование сигнала: TON/USDT, Count Sends: 0, Статус: Новый сигнал
2024-08-22 15:31:57,729 - INFO - Форматирование сигнала: BTC/USDT, Count Sends: 0, Статус: Новый сигнал
2024-08-22 15:31:59,768 - INFO - Форматирование сигнала: ETH/USDT, Count Sends: 0, Статус: Новый сигнал
2024-08-22 15:32:01,833 - INFO - Форматирование сигнала: ADA/USDT, Count Sends: 0, Статус: Новый сигнал
2024-08-22 15:32:03,877 - INFO - Форматирование сигнала: TON/USDT, Count Sends: 0, Статус: Новый сигнал
2024-08-22 15:32:05,800 - INFO - Sent 12 signals.
2024-08-22 15:36:05,309 - INFO - Запущена команда /delete_tables.
2024-08-22 15:36:05,668 - INFO - Все таблицы удалены и заново созданы.
2024-08-22 15:36:11,351 - INFO - Бот запускается.
2024-08-22 15:36:11,471 - INFO - Выполнение начального анализа и отправка сигналов.
2024-08-22 15:36:19,765 - INFO - Форматирование сигнала: BTC/USDT, Count Sends: 0, Статус: Новый сигнал
2024-08-22 15:36:22,316 - INFO - Увеличено count_sends для сигнала с ID BTC/USDT
2024-08-22 15:36:22,316 - INFO - Форматирование сигнала: ETH/USDT, Count Sends: 0, Статус: Новый сигнал
2024-08-22 15:36:24,669 - INFO - Увеличено count_sends для сигнала с ID ETH/USDT
2024-08-22 15:36:24,670 - INFO - Форматирование сигнала: ADA/USDT, Count Sends: 0, Статус: Новый сигнал
2024-08-22 15:36:26,926 - INFO - Увеличено count_sends для сигнала с ID ADA/USDT
2024-08-22 15:36:26,927 - INFO - Форматирование сигнала: TON/USDT, Count Sends: 0, Статус: Новый сигнал
2024-08-22 15:36:28,775 - INFO - Увеличено count_sends для сигнала с ID TON/USDT
2024-08-22 15:36:28,880 - INFO - Периодическая проверка сигналов запущена.
2024-08-22 15:37:34,301 - INFO - Processing pending signals.
2024-08-22 15:37:34,305 - INFO - Using chat_id: 34949444
2024-08-22 15:37:34,305 - INFO - Sending 4 signals.
2024-08-22 15:37:34,591 - INFO - Форматирование сигнала: BTC/USDT, Count Sends: 0, Статус: Новый сигнал
2024-08-22 15:37:36,844 - INFO - Увеличено count_sends для сигнала с ID BTC/USDT
2024-08-22 15:37:36,846 - INFO - Увеличено count_sends для сигнала с ID 1
2024-08-22 15:37:36,847 - INFO - Сигнал с ID 1 отмечен как отправленный
2024-08-22 15:37:36,972 - INFO - Форматирование сигнала: ETH/USDT, Count Sends: 0, Статус: Новый сигнал
2024-08-22 15:37:39,772 - INFO - Увеличено count_sends для сигнала с ID ETH/USDT
2024-08-22 15:37:39,774 - INFO - Увеличено count_sends для сигнала с ID 2
2024-08-22 15:37:39,776 - INFO - Сигнал с ID 2 отмечен как отправленный
2024-08-22 15:37:39,934 - INFO - Форматирование сигнала: ADA/USDT, Count Sends: 0, Статус: Новый сигнал
2024-08-22 15:37:42,192 - INFO - Увеличено count_sends для сигнала с ID ADA/USDT
2024-08-22 15:37:42,195 - INFO - Увеличено count_sends для сигнала с ID 3
2024-08-22 15:37:42,197 - INFO - Сигнал с ID 3 отмечен как отправленный
2024-08-22 15:37:42,304 - INFO - Форматирование сигнала: TON/USDT, Count Sends: 0, Статус: Новый сигнал
2024-08-22 15:37:44,850 - INFO - Увеличено count_sends для сигнала с ID TON/USDT
2024-08-22 15:37:44,854 - INFO - Увеличено count_sends для сигнала с ID 4
2024-08-22 15:37:44,857 - INFO - Сигнал с ID 4 отмечен как отправленный
2024-08-22 15:37:44,857 - INFO - Sent 4 signals.
2024-08-22 15:39:03,540 - INFO - Запущена команда /table_signals.
2024-08-22 15:39:03,891 - INFO - Таблица `signals` отправлена.
2024-08-22 15:39:09,479 - INFO - Запущена команда /delete_tables.
2024-08-22 15:39:09,580 - INFO - Все таблицы удалены и заново созданы.
2024-08-22 15:39:19,330 - INFO - Бот запускается.
2024-08-22 15:39:19,447 - INFO - Выполнение начального анализа и отправка сигналов.
2024-08-22 15:39:26,384 - INFO - Форматирование сигнала: BTC/USDT, Count Sends: 0, Статус: Новый сигнал
2024-08-22 15:39:28,531 - INFO - Увеличено count_sends для сигнала с ID BTC/USDT
2024-08-22 15:39:28,531 - INFO - Форматирование сигнала: ETH/USDT, Count Sends: 0, Статус: Новый сигнал
2024-08-22 15:39:30,887 - INFO - Увеличено count_sends для сигнала с ID ETH/USDT
2024-08-22 15:39:30,887 - INFO - Форматирование сигнала: ADA/USDT, Count Sends: 0, Статус: Новый сигнал
2024-08-22 15:39:32,959 - INFO - Увеличено count_sends для сигнала с ID ADA/USDT
2024-08-22 15:39:32,959 - INFO - Форматирование сигнала: TON/USDT, Count Sends: 0, Статус: Новый сигнал
2024-08-22 15:39:35,752 - INFO - Увеличено count_sends для сигнала с ID TON/USDT
2024-08-22 15:39:36,263 - INFO - Периодическая проверка сигналов запущена.
2024-08-22 15:39:39,348 - INFO - Запущена команда /table_signals.
2024-08-22 15:39:39,458 - INFO - Таблица `signals` отправлена.
2024-08-22 15:40:40,478 - INFO - Processing pending signals.
2024-08-22 15:40:40,480 - INFO - Using chat_id: 34949444
2024-08-22 15:40:40,481 - INFO - Sending 4 signals.
2024-08-22 15:40:40,771 - INFO - Форматирование сигнала: BTC/USDT, Count Sends: 0, Статус: Новый сигнал
2024-08-22 15:40:42,952 - INFO - Увеличено count_sends для сигнала с ID BTC/USDT
2024-08-22 15:40:42,954 - INFO - Увеличено count_sends для сигнала с ID 1
2024-08-22 15:40:42,956 - INFO - Сигнал с ID 1 отмечен как отправленный
2024-08-22 15:40:43,070 - INFO - Форматирование сигнала: ETH/USDT, Count Sends: 0, Статус: Новый сигнал
2024-08-22 15:40:45,277 - INFO - Увеличено count_sends для сигнала с ID ETH/USDT
2024-08-22 15:40:45,278 - INFO - Увеличено count_sends для сигнала с ID 2
2024-08-22 15:40:45,279 - INFO - Сигнал с ID 2 отмечен как отправленный
2024-08-22 15:40:45,382 - INFO - Форматирование сигнала: ADA/USDT, Count Sends: 0, Статус: Новый сигнал
2024-08-22 15:40:47,636 - INFO - Увеличено count_sends для сигнала с ID ADA/USDT
2024-08-22 15:40:47,638 - INFO - Увеличено count_sends для сигнала с ID 3
2024-08-22 15:40:47,639 - INFO - Сигнал с ID 3 отмечен как отправленный
2024-08-22 15:40:47,728 - INFO - Форматирование сигнала: TON/USDT, Count Sends: 0, Статус: Новый сигнал
2024-08-22 15:40:50,272 - INFO - Увеличено count_sends для сигнала с ID TON/USDT
2024-08-22 15:40:50,274 - INFO - Увеличено count_sends для сигнала с ID 4
2024-08-22 15:40:50,275 - INFO - Сигнал с ID 4 отмечен как отправленный
2024-08-22 15:40:50,275 - INFO - Sent 4 signals.
2024-08-22 15:40:55,087 - INFO - Запущена команда /table_signals.
2024-08-22 15:40:55,240 - INFO - Таблица `signals` отправлена.
2024-08-22 15:41:40,478 - INFO - Processing pending signals.
2024-08-22 15:41:40,491 - INFO - Using chat_id: 34949444
2024-08-22 15:41:40,491 - INFO - Sending 4 signals.
2024-08-22 15:41:40,786 - INFO - Форматирование сигнала: BTC/USDT, Count Sends: 1, Статус: Актуально
2024-08-22 15:41:45,301 - INFO - Увеличено count_sends для сигнала с ID BTC/USDT
2024-08-22 15:41:45,304 - INFO - Увеличено count_sends для сигнала с ID 1
2024-08-22 15:41:45,306 - INFO - Сигнал с ID 1 отмечен как отправленный
2024-08-22 15:41:45,394 - INFO - Форматирование сигнала: ETH/USDT, Count Sends: 1, Статус: Актуально
2024-08-22 15:41:47,315 - INFO - Увеличено count_sends для сигнала с ID ETH/USDT
2024-08-22 15:41:47,317 - INFO - Увеличено count_sends для сигнала с ID 2
2024-08-22 15:41:47,319 - INFO - Сигнал с ID 2 отмечен как отправленный
2024-08-22 15:41:47,442 - INFO - Форматирование сигнала: ADA/USDT, Count Sends: 1, Статус: Актуально
2024-08-22 15:41:49,897 - INFO - Увеличено count_sends для сигнала с ID ADA/USDT
2024-08-22 15:41:49,901 - INFO - Увеличено count_sends для сигнала с ID 3
2024-08-22 15:41:49,903 - INFO - Сигнал с ID 3 отмечен как отправленный
2024-08-22 15:41:50,118 - INFO - Форматирование сигнала: TON/USDT, Count Sends: 1, Статус: Актуально
2024-08-22 15:41:52,250 - INFO - Увеличено count_sends для сигнала с ID TON/USDT
2024-08-22 15:41:52,252 - INFO - Увеличено count_sends для сигнала с ID 4
2024-08-22 15:41:52,254 - INFO - Сигнал с ID 4 отмечен как отправленный
2024-08-22 15:41:52,254 - INFO - Sent 4 signals.
2024-08-22 15:43:50,311 - INFO - Запущена команда /count.
2024-08-22 15:43:50,521 - INFO - Количество открытых сигналов: 4, закрытых сигналов: 0
2024-08-22 15:43:53,658 - INFO - Запущена команда /delete_tables.
2024-08-22 15:43:53,857 - INFO - Все таблицы удалены и заново созданы.
2024-08-22 15:43:55,484 - INFO - Бот запускается.
2024-08-22 15:43:55,598 - INFO - Выполнение начального анализа и отправка сигналов.
2024-08-22 15:44:03,134 - INFO - Started sending messages for 4 signals.
2024-08-22 15:44:03,468 - INFO - Sent message with timestamp and separator: 2024-08-22 15:44
----------------------------------------
2024-08-22 15:44:03,468 - INFO - Форматирование сигнала: BTC/USDT, Count Sends: 0, Статус: Новый сигнал
2024-08-22 15:44:04,414 - INFO - Chart for BTC/USDT generated successfully.
2024-08-22 15:44:05,982 - INFO - Message with chart sent successfully to chat 34949444: 3546
2024-08-22 15:44:05,982 - INFO - Форматирование сигнала: ETH/USDT, Count Sends: 0, Статус: Новый сигнал
2024-08-22 15:44:06,750 - INFO - Chart for ETH/USDT generated successfully.
2024-08-22 15:44:08,141 - INFO - Message with chart sent successfully to chat 34949444: 3547
2024-08-22 15:44:08,141 - INFO - Форматирование сигнала: ADA/USDT, Count Sends: 0, Статус: Новый сигнал
2024-08-22 15:44:08,890 - INFO - Chart for ADA/USDT generated successfully.
2024-08-22 15:44:11,343 - INFO - Message with chart sent successfully to chat 34949444: 3548
2024-08-22 15:44:11,345 - INFO - Форматирование сигнала: TON/USDT, Count Sends: 0, Статус: Новый сигнал
2024-08-22 15:44:12,083 - INFO - Chart for TON/USDT generated successfully.
2024-08-22 15:44:13,187 - INFO - Message with chart sent successfully to chat 34949444: 3549
2024-08-22 15:44:13,306 - INFO - Периодическая проверка сигналов запущена.
2024-08-22 15:44:18,641 - INFO - Запущена команда /table_signals.
2024-08-22 15:44:18,799 - INFO - Таблица `signals` отправлена.
2024-08-22 15:49:54,249 - INFO - Запущена команда /delete_tables.
2024-08-22 15:49:54,460 - INFO - Все таблицы удалены и заново созданы.
2024-08-22 15:49:55,664 - INFO - Бот запускается.
2024-08-22 15:49:55,768 - INFO - Выполнение начального анализа и отправка сигналов.
2024-08-22 15:50:09,668 - INFO - Started sending messages for 4 signals.
2024-08-22 15:50:09,759 - INFO - Sent message with timestamp and separator: 2024-08-22 15:50
----------------------------------------
2024-08-22 15:50:09,759 - INFO - Форматирование сигнала: BTC/USDT, Count Sends: 0, Статус: Новый сигнал
2024-08-22 15:50:10,727 - INFO - Chart for BTC/USDT generated successfully.
2024-08-22 15:50:12,275 - INFO - Message with chart sent successfully to chat 34949444: 3560
2024-08-22 15:50:12,275 - INFO - Форматирование сигнала: ETH/USDT, Count Sends: 0, Статус: Новый сигнал
2024-08-22 15:50:12,938 - INFO - Chart for ETH/USDT generated successfully.
2024-08-22 15:50:14,450 - INFO - Message with chart sent successfully to chat 34949444: 3561
2024-08-22 15:50:14,450 - INFO - Форматирование сигнала: ADA/USDT, Count Sends: 0, Статус: Новый сигнал
2024-08-22 15:50:15,110 - INFO - Chart for ADA/USDT generated successfully.
2024-08-22 15:50:16,573 - INFO - Message with chart sent successfully to chat 34949444: 3562
2024-08-22 15:50:16,574 - INFO - Форматирование сигнала: TON/USDT, Count Sends: 0, Статус: Новый сигнал
2024-08-22 15:50:17,261 - INFO - Chart for TON/USDT generated successfully.
2024-08-22 15:50:18,428 - INFO - Message with chart sent successfully to chat 34949444: 3563
2024-08-22 15:50:18,580 - INFO - Периодическая проверка сигналов запущена.
2024-08-22 15:50:25,427 - INFO - Запущена команда /table_signals.
2024-08-22 15:50:25,581 - INFO - Таблица `signals` отправлена.
2024-08-22 15:51:18,874 - INFO - Запущена команда /delete_tables.
2024-08-22 15:51:19,189 - INFO - Все таблицы удалены и заново созданы.
2024-08-22 15:51:21,140 - INFO - Бот запускается.
2024-08-22 15:51:21,313 - INFO - Выполнение начального анализа и отправка сигналов.
2024-08-22 15:51:28,910 - INFO - Started sending messages for 4 signals.
2024-08-22 15:51:29,036 - INFO - Sent message with timestamp and separator: 2024-08-22 15:51
----------------------------------------
2024-08-22 15:51:29,036 - INFO - Форматирование сигнала: BTC/USDT, Count Sends: 0, Статус: Новый сигнал
2024-08-22 15:51:30,214 - INFO - Chart for BTC/USDT generated successfully.
2024-08-22 15:51:31,744 - INFO - Message with chart sent successfully to chat 34949444: 3574
2024-08-22 15:51:31,744 - INFO - Форматирование сигнала: ETH/USDT, Count Sends: 0, Статус: Новый сигнал
2024-08-22 15:51:32,432 - INFO - Chart for ETH/USDT generated successfully.
2024-08-22 15:51:33,855 - INFO - Message with chart sent successfully to chat 34949444: 3575
2024-08-22 15:51:33,855 - INFO - Форматирование сигнала: ADA/USDT, Count Sends: 0, Статус: Новый сигнал
2024-08-22 15:51:34,541 - INFO - Chart for ADA/USDT generated successfully.
2024-08-22 15:51:35,683 - INFO - Message with chart sent successfully to chat 34949444: 3576
2024-08-22 15:51:35,685 - INFO - Форматирование сигнала: TON/USDT, Count Sends: 0, Статус: Новый сигнал
2024-08-22 15:51:36,343 - INFO - Chart for TON/USDT generated successfully.
2024-08-22 15:51:37,472 - INFO - Message with chart sent successfully to chat 34949444: 3577
2024-08-22 15:51:37,604 - INFO - Периодическая проверка сигналов запущена.
2024-08-22 15:52:09,951 - INFO - Запущена команда /table_signals.
2024-08-22 15:52:10,293 - INFO - Таблица `signals` отправлена.
2024-08-22 15:52:42,284 - INFO - Processing pending signals.
2024-08-22 15:52:42,286 - INFO - Using chat_id: 34949444
2024-08-22 15:52:42,286 - INFO - Sending 4 signals.
2024-08-22 15:52:42,587 - INFO - Sent message with timestamp and separator
2024-08-22 15:52:42,587 - INFO - Started sending messages for 1 signals.
2024-08-22 15:52:42,587 - INFO - Форматирование сигнала: BTC/USDT, Count Sends: 0, Статус: Новый сигнал
2024-08-22 15:52:43,288 - INFO - Chart for BTC/USDT generated successfully.
2024-08-22 15:52:44,761 - INFO - Message with chart sent successfully to chat 34949444: 3583
2024-08-22 15:52:44,764 - INFO - Увеличено count_sends для сигнала с ID 1. Затронуто строк: 1
2024-08-22 15:52:44,764 - INFO - Успешно увеличено count_sends для сигнала с ID 1
2024-08-22 15:52:44,765 - INFO - Сигнал с ID 1 отмечен как отправленный
2024-08-22 15:52:44,765 - INFO - Started sending messages for 1 signals.
2024-08-22 15:52:44,765 - INFO - Форматирование сигнала: ETH/USDT, Count Sends: 0, Статус: Новый сигнал
2024-08-22 15:52:45,581 - INFO - Chart for ETH/USDT generated successfully.
2024-08-22 15:52:47,126 - INFO - Message with chart sent successfully to chat 34949444: 3584
2024-08-22 15:52:47,134 - INFO - Увеличено count_sends для сигнала с ID 2. Затронуто строк: 1
2024-08-22 15:52:47,135 - INFO - Успешно увеличено count_sends для сигнала с ID 2
2024-08-22 15:52:47,140 - INFO - Сигнал с ID 2 отмечен как отправленный
2024-08-22 15:52:47,140 - INFO - Started sending messages for 1 signals.
2024-08-22 15:52:47,140 - INFO - Форматирование сигнала: ADA/USDT, Count Sends: 0, Статус: Новый сигнал
2024-08-22 15:52:47,843 - INFO - Chart for ADA/USDT generated successfully.
2024-08-22 15:52:49,201 - INFO - Message with chart sent successfully to chat 34949444: 3585
2024-08-22 15:52:49,204 - INFO - Увеличено count_sends для сигнала с ID 3. Затронуто строк: 1
2024-08-22 15:52:49,204 - INFO - Успешно увеличено count_sends для сигнала с ID 3
2024-08-22 15:52:49,206 - INFO - Сигнал с ID 3 отмечен как отправленный
2024-08-22 15:52:49,206 - INFO - Started sending messages for 1 signals.
2024-08-22 15:52:49,206 - INFO - Форматирование сигнала: TON/USDT, Count Sends: 0, Статус: Новый сигнал
2024-08-22 15:52:49,874 - INFO - Chart for TON/USDT generated successfully.
2024-08-22 15:52:51,406 - INFO - Message with chart sent successfully to chat 34949444: 3586
2024-08-22 15:52:51,409 - INFO - Увеличено count_sends для сигнала с ID 4. Затронуто строк: 1
2024-08-22 15:52:51,410 - INFO - Успешно увеличено count_sends для сигнала с ID 4
2024-08-22 15:52:51,411 - INFO - Сигнал с ID 4 отмечен как отправленный
2024-08-22 15:52:51,411 - INFO - Sent 4 signals.
2024-08-22 15:53:09,495 - INFO - Запущена команда /table_signals.
2024-08-22 15:53:09,815 - INFO - Таблица `signals` отправлена.
2024-08-22 15:54:59,053 - INFO - Запущена команда /delete_tables.
2024-08-22 15:54:59,304 - INFO - Все таблицы удалены и заново созданы.
2024-08-22 15:55:08,166 - INFO - Бот запускается.
2024-08-22 15:55:08,305 - INFO - Выполнение начального анализа и отправка сигналов.
2024-08-22 15:55:16,980 - INFO - Started sending messages for 4 signals.
2024-08-22 15:55:17,244 - INFO - Sent message with timestamp and separator: 2024-08-22 15:55
----------------------------------------
2024-08-22 15:55:17,244 - INFO - Форматирование сигнала: BTC/USDT, Count Sends: 0, Статус: Новый сигнал
2024-08-22 15:55:18,201 - INFO - Chart for BTC/USDT generated successfully.
2024-08-22 15:55:19,494 - INFO - Message with chart sent successfully to chat 34949444: 3595
2024-08-22 15:55:19,494 - INFO - Форматирование сигнала: ETH/USDT, Count Sends: 0, Статус: Новый сигнал
2024-08-22 15:55:20,241 - INFO - Chart for ETH/USDT generated successfully.
2024-08-22 15:55:21,600 - INFO - Message with chart sent successfully to chat 34949444: 3596
2024-08-22 15:55:21,600 - INFO - Форматирование сигнала: ADA/USDT, Count Sends: 0, Статус: Новый сигнал
2024-08-22 15:55:22,255 - INFO - Chart for ADA/USDT generated successfully.
2024-08-22 15:55:23,774 - INFO - Message with chart sent successfully to chat 34949444: 3597
2024-08-22 15:55:23,775 - INFO - Форматирование сигнала: TON/USDT, Count Sends: 0, Статус: Новый сигнал
2024-08-22 15:55:24,534 - INFO - Chart for TON/USDT generated successfully.
2024-08-22 15:55:25,667 - INFO - Message with chart sent successfully to chat 34949444: 3598
2024-08-22 15:55:25,785 - INFO - Периодическая проверка сигналов запущена.
2024-08-22 15:56:30,133 - INFO - Processing pending signals.
2024-08-22 15:56:30,136 - INFO - Using chat_id: 34949444
2024-08-22 15:56:30,136 - INFO - Sending 4 signals.
2024-08-22 15:56:30,485 - INFO - Sent message with timestamp and separator
2024-08-22 15:56:30,486 - INFO - Started sending messages for 1 signals.
2024-08-22 15:56:30,486 - INFO - Форматирование сигнала: BTC/USDT, Count Sends: 0, Статус: Новый сигнал
2024-08-22 15:56:31,219 - INFO - Chart for BTC/USDT generated successfully.
2024-08-22 15:56:32,590 - INFO - Message with chart sent successfully to chat 34949444: 3602
2024-08-22 15:56:32,592 - INFO - Увеличено count_sends для сигнала с ID 1. Затронуто строк: 1
2024-08-22 15:56:32,593 - INFO - Успешно увеличено count_sends для сигнала с ID 1
2024-08-22 15:56:32,594 - INFO - Сигнал с ID 1 отмечен как отправленный
2024-08-22 15:56:32,595 - INFO - Started sending messages for 1 signals.
2024-08-22 15:56:32,595 - INFO - Форматирование сигнала: ETH/USDT, Count Sends: 0, Статус: Новый сигнал
2024-08-22 15:56:38,334 - INFO - Chart for ETH/USDT generated successfully.
2024-08-22 15:56:39,756 - INFO - Message with chart sent successfully to chat 34949444: 3603
2024-08-22 15:56:39,769 - INFO - Увеличено count_sends для сигнала с ID 2. Затронуто строк: 1
2024-08-22 15:56:39,769 - INFO - Успешно увеличено count_sends для сигнала с ID 2
2024-08-22 15:56:39,770 - INFO - Сигнал с ID 2 отмечен как отправленный
2024-08-22 15:56:39,770 - INFO - Started sending messages for 1 signals.
2024-08-22 15:56:39,770 - INFO - Форматирование сигнала: ADA/USDT, Count Sends: 0, Статус: Новый сигнал
2024-08-22 15:56:40,435 - INFO - Chart for ADA/USDT generated successfully.
2024-08-22 15:56:41,618 - INFO - Message with chart sent successfully to chat 34949444: 3604
2024-08-22 15:56:41,620 - INFO - Увеличено count_sends для сигнала с ID 3. Затронуто строк: 1
2024-08-22 15:56:41,621 - INFO - Успешно увеличено count_sends для сигнала с ID 3
2024-08-22 15:56:41,622 - INFO - Сигнал с ID 3 отмечен как отправленный
2024-08-22 15:56:41,622 - INFO - Started sending messages for 1 signals.
2024-08-22 15:56:41,623 - INFO - Форматирование сигнала: TON/USDT, Count Sends: 0, Статус: Новый сигнал
2024-08-22 15:56:43,086 - INFO - Chart for TON/USDT generated successfully.
2024-08-22 15:56:44,268 - INFO - Message with chart sent successfully to chat 34949444: 3605
2024-08-22 15:56:44,272 - INFO - Увеличено count_sends для сигнала с ID 4. Затронуто строк: 1
2024-08-22 15:56:44,272 - INFO - Успешно увеличено count_sends для сигнала с ID 4
2024-08-22 15:56:44,274 - INFO - Сигнал с ID 4 отмечен как отправленный
2024-08-22 15:56:44,275 - INFO - Sent 4 signals.
2024-08-22 15:57:35,128 - INFO - Processing pending signals.
2024-08-22 15:57:35,130 - INFO - Using chat_id: 34949444
2024-08-22 15:57:35,131 - INFO - Sending 4 signals.
2024-08-22 15:57:35,233 - INFO - Sent message with timestamp and separator
2024-08-22 15:57:35,233 - INFO - Started sending messages for 1 signals.
2024-08-22 15:57:35,233 - INFO - Форматирование сигнала: BTC/USDT, Count Sends: 1, Статус: Актуально
2024-08-22 15:57:35,957 - INFO - Chart for BTC/USDT generated successfully.
2024-08-22 15:57:37,318 - INFO - Message with chart sent successfully to chat 34949444: 3611
2024-08-22 15:57:37,321 - INFO - Увеличено count_sends для сигнала с ID 1. Затронуто строк: 1
2024-08-22 15:57:37,321 - INFO - Успешно увеличено count_sends для сигнала с ID 1
2024-08-22 15:57:37,323 - INFO - Сигнал с ID 1 отмечен как отправленный
2024-08-22 15:57:37,324 - INFO - Started sending messages for 1 signals.
2024-08-22 15:57:37,324 - INFO - Форматирование сигнала: ETH/USDT, Count Sends: 1, Статус: Актуально
2024-08-22 15:57:37,999 - INFO - Chart for ETH/USDT generated successfully.
2024-08-22 15:57:39,337 - INFO - Message with chart sent successfully to chat 34949444: 3612
2024-08-22 15:57:39,341 - INFO - Увеличено count_sends для сигнала с ID 2. Затронуто строк: 1
2024-08-22 15:57:39,341 - INFO - Успешно увеличено count_sends для сигнала с ID 2
2024-08-22 15:57:39,343 - INFO - Сигнал с ID 2 отмечен как отправленный
2024-08-22 15:57:39,343 - INFO - Started sending messages for 1 signals.
2024-08-22 15:57:39,343 - INFO - Форматирование сигнала: ADA/USDT, Count Sends: 1, Статус: Актуально
2024-08-22 15:57:40,567 - INFO - Chart for ADA/USDT generated successfully.
2024-08-22 15:57:41,750 - INFO - Message with chart sent successfully to chat 34949444: 3613
2024-08-22 15:57:41,753 - INFO - Увеличено count_sends для сигнала с ID 3. Затронуто строк: 1
2024-08-22 15:57:41,753 - INFO - Успешно увеличено count_sends для сигнала с ID 3
2024-08-22 15:57:41,755 - INFO - Сигнал с ID 3 отмечен как отправленный
2024-08-22 15:57:41,756 - INFO - Started sending messages for 1 signals.
2024-08-22 15:57:41,756 - INFO - Форматирование сигнала: TON/USDT, Count Sends: 1, Статус: Актуально
2024-08-22 15:57:42,435 - INFO - Chart for TON/USDT generated successfully.
2024-08-22 15:57:43,591 - INFO - Message with chart sent successfully to chat 34949444: 3614
2024-08-22 15:57:43,596 - INFO - Увеличено count_sends для сигнала с ID 4. Затронуто строк: 1
2024-08-22 15:57:43,596 - INFO - Успешно увеличено count_sends для сигнала с ID 4
2024-08-22 15:57:43,599 - INFO - Сигнал с ID 4 отмечен как отправленный
2024-08-22 15:57:43,599 - INFO - Sent 4 signals.
2024-08-22 15:59:40,783 - INFO - Processing pending signals.
2024-08-22 15:59:40,786 - INFO - Using chat_id: 34949444
2024-08-22 15:59:40,786 - INFO - Sending 4 signals.
2024-08-22 15:59:41,110 - INFO - Sent message with timestamp and separator
2024-08-22 15:59:41,110 - INFO - Started sending messages for 1 signals.
2024-08-22 15:59:41,110 - INFO - Форматирование сигнала: BTC/USDT, Count Sends: 2, Статус: Актуально
2024-08-22 15:59:41,809 - INFO - Chart for BTC/USDT generated successfully.
2024-08-22 15:59:43,416 - INFO - Message with chart sent successfully to chat 34949444: 3616
2024-08-22 15:59:43,420 - INFO - Увеличено count_sends для сигнала с ID 1. Затронуто строк: 1
2024-08-22 15:59:43,420 - INFO - Успешно увеличено count_sends для сигнала с ID 1
2024-08-22 15:59:43,421 - INFO - Сигнал с ID 1 отмечен как отправленный
2024-08-22 15:59:43,422 - INFO - Started sending messages for 1 signals.
2024-08-22 15:59:43,422 - INFO - Форматирование сигнала: ETH/USDT, Count Sends: 2, Статус: Актуально
2024-08-22 15:59:44,076 - INFO - Chart for ETH/USDT generated successfully.
2024-08-22 15:59:45,342 - INFO - Message with chart sent successfully to chat 34949444: 3617
2024-08-22 15:59:45,344 - INFO - Увеличено count_sends для сигнала с ID 2. Затронуто строк: 1
2024-08-22 15:59:45,344 - INFO - Успешно увеличено count_sends для сигнала с ID 2
2024-08-22 15:59:45,345 - INFO - Сигнал с ID 2 отмечен как отправленный
2024-08-22 15:59:45,346 - INFO - Started sending messages for 1 signals.
2024-08-22 15:59:45,346 - INFO - Форматирование сигнала: ADA/USDT, Count Sends: 2, Статус: Актуально
2024-08-22 15:59:46,010 - INFO - Chart for ADA/USDT generated successfully.
2024-08-22 15:59:47,288 - INFO - Message with chart sent successfully to chat 34949444: 3618
2024-08-22 15:59:47,291 - INFO - Увеличено count_sends для сигнала с ID 3. Затронуто строк: 1
2024-08-22 15:59:47,291 - INFO - Успешно увеличено count_sends для сигнала с ID 3
2024-08-22 15:59:47,292 - INFO - Сигнал с ID 3 отмечен как отправленный
2024-08-22 15:59:47,292 - INFO - Started sending messages for 1 signals.
2024-08-22 15:59:47,292 - INFO - Форматирование сигнала: TON/USDT, Count Sends: 2, Статус: Актуально
2024-08-22 15:59:47,922 - INFO - Chart for TON/USDT generated successfully.
2024-08-22 15:59:49,142 - INFO - Message with chart sent successfully to chat 34949444: 3619
2024-08-22 15:59:49,144 - INFO - Увеличено count_sends для сигнала с ID 4. Затронуто строк: 1
2024-08-22 15:59:49,145 - INFO - Успешно увеличено count_sends для сигнала с ID 4
2024-08-22 15:59:49,147 - INFO - Сигнал с ID 4 отмечен как отправленный
2024-08-22 15:59:49,148 - INFO - Sent 4 signals.
2024-08-22 16:01:08,945 - INFO - Processing pending signals.
2024-08-22 16:01:08,948 - INFO - Using chat_id: 34949444
2024-08-22 16:01:08,948 - INFO - Sending 4 signals.
2024-08-22 16:01:09,391 - INFO - Sent message with timestamp and separator
2024-08-22 16:01:09,391 - INFO - Started sending messages for 1 signals.
2024-08-22 16:01:09,391 - INFO - Форматирование сигнала: BTC/USDT, Count Sends: 3, Статус: Актуально
2024-08-22 16:01:10,039 - INFO - Chart for BTC/USDT generated successfully.
2024-08-22 16:01:11,533 - INFO - Message with chart sent successfully to chat 34949444: 3627
2024-08-22 16:01:11,536 - INFO - Увеличено count_sends для сигнала с ID 1. Затронуто строк: 1
2024-08-22 16:01:11,536 - INFO - Успешно увеличено count_sends для сигнала с ID 1
2024-08-22 16:01:11,538 - INFO - Сигнал с ID 1 отмечен как отправленный
2024-08-22 16:01:11,538 - INFO - Started sending messages for 1 signals.
2024-08-22 16:01:11,538 - INFO - Форматирование сигнала: ETH/USDT, Count Sends: 3, Статус: Актуально
2024-08-22 16:01:12,171 - INFO - Chart for ETH/USDT generated successfully.
2024-08-22 16:01:13,881 - INFO - Message with chart sent successfully to chat 34949444: 3628
2024-08-22 16:01:13,884 - INFO - Увеличено count_sends для сигнала с ID 2. Затронуто строк: 1
2024-08-22 16:01:13,884 - INFO - Успешно увеличено count_sends для сигнала с ID 2
2024-08-22 16:01:13,886 - INFO - Сигнал с ID 2 отмечен как отправленный
2024-08-22 16:01:13,886 - INFO - Started sending messages for 1 signals.
2024-08-22 16:01:13,886 - INFO - Форматирование сигнала: ADA/USDT, Count Sends: 3, Статус: Актуально
2024-08-22 16:01:14,530 - INFO - Chart for ADA/USDT generated successfully.
2024-08-22 16:01:16,031 - INFO - Message with chart sent successfully to chat 34949444: 3629
2024-08-22 16:01:16,036 - INFO - Увеличено count_sends для сигнала с ID 3. Затронуто строк: 1
2024-08-22 16:01:16,036 - INFO - Успешно увеличено count_sends для сигнала с ID 3
2024-08-22 16:01:16,038 - INFO - Сигнал с ID 3 отмечен как отправленный
2024-08-22 16:01:16,038 - INFO - Started sending messages for 1 signals.
2024-08-22 16:01:16,038 - INFO - Форматирование сигнала: TON/USDT, Count Sends: 3, Статус: Актуально
2024-08-22 16:01:16,673 - INFO - Chart for TON/USDT generated successfully.
2024-08-22 16:01:18,078 - INFO - Message with chart sent successfully to chat 34949444: 3630
2024-08-22 16:01:18,081 - INFO - Увеличено count_sends для сигнала с ID 4. Затронуто строк: 1
2024-08-22 16:01:18,081 - INFO - Успешно увеличено count_sends для сигнала с ID 4
2024-08-22 16:01:18,083 - INFO - Сигнал с ID 4 отмечен как отправленный
2024-08-22 16:01:18,083 - INFO - Sent 4 signals.
2024-08-22 16:11:59,924 - INFO - Запущена команда /delete_tables.
2024-08-22 16:12:00,265 - INFO - Все таблицы удалены и заново созданы.
2024-08-22 16:12:01,629 - INFO - Бот запускается.
2024-08-22 16:12:01,871 - INFO - Выполнение начального анализа и отправка сигналов.
2024-08-22 16:12:08,867 - INFO - Started sending messages for 4 signals.
2024-08-22 16:12:08,966 - INFO - Sent message with timestamp and separator: 2024-08-22 16:12
----------------------------------------
2024-08-22 16:12:08,967 - INFO - Форматирование сигнала: BTC/USDT, Count Sends: 0, Статус: Новый сигнал
2024-08-22 16:12:10,287 - INFO - Chart for BTC/USDT generated successfully.
2024-08-22 16:12:11,931 - INFO - Message with chart sent successfully to chat 34949444: 3638
2024-08-22 16:12:11,931 - INFO - Форматирование сигнала: ETH/USDT, Count Sends: 0, Статус: Новый сигнал
2024-08-22 16:12:12,621 - INFO - Chart for ETH/USDT generated successfully.
2024-08-22 16:12:13,958 - INFO - Message with chart sent successfully to chat 34949444: 3639
2024-08-22 16:12:13,958 - INFO - Форматирование сигнала: ADA/USDT, Count Sends: 0, Статус: Новый сигнал
2024-08-22 16:12:14,623 - INFO - Chart for ADA/USDT generated successfully.
2024-08-22 16:12:15,948 - INFO - Message with chart sent successfully to chat 34949444: 3640
2024-08-22 16:12:15,948 - INFO - Форматирование сигнала: TON/USDT, Count Sends: 0, Статус: Новый сигнал
2024-08-22 16:12:16,617 - INFO - Chart for TON/USDT generated successfully.
2024-08-22 16:12:17,841 - INFO - Message with chart sent successfully to chat 34949444: 3641
2024-08-22 16:12:17,972 - INFO - Периодическая проверка сигналов запущена.
2024-08-22 16:13:22,366 - INFO - Processing pending signals.
2024-08-22 16:13:22,369 - INFO - Using chat_id: 34949444
2024-08-22 16:13:22,369 - INFO - Sending 4 signals. Actual signals sending is enabled.
2024-08-22 16:13:22,680 - INFO - Sent message with timestamp and separator
2024-08-22 16:13:22,680 - INFO - Started sending messages for 1 signals.
2024-08-22 16:13:22,680 - INFO - Форматирование сигнала: BTC/USDT, Count Sends: 0, Статус: Новый сигнал
2024-08-22 16:13:23,372 - INFO - Chart for BTC/USDT generated successfully.
2024-08-22 16:13:24,748 - INFO - Message with chart sent successfully to chat 34949444: 3645
2024-08-22 16:13:24,751 - INFO - Увеличено count_sends для сигнала с ID 1. Затронуто строк: 1
2024-08-22 16:13:24,751 - INFO - Успешно увеличено count_sends для сигнала с ID 1
2024-08-22 16:13:24,753 - INFO - Сигнал с ID 1 отмечен как отправленный
2024-08-22 16:13:24,753 - INFO - Started sending messages for 1 signals.
2024-08-22 16:13:24,753 - INFO - Форматирование сигнала: ETH/USDT, Count Sends: 0, Статус: Новый сигнал
2024-08-22 16:13:25,386 - INFO - Chart for ETH/USDT generated successfully.
2024-08-22 16:13:26,958 - INFO - Message with chart sent successfully to chat 34949444: 3646
2024-08-22 16:13:26,961 - INFO - Увеличено count_sends для сигнала с ID 2. Затронуто строк: 1
2024-08-22 16:13:26,961 - INFO - Успешно увеличено count_sends для сигнала с ID 2
2024-08-22 16:13:26,963 - INFO - Сигнал с ID 2 отмечен как отправленный
2024-08-22 16:13:26,963 - INFO - Started sending messages for 1 signals.
2024-08-22 16:13:26,963 - INFO - Форматирование сигнала: ADA/USDT, Count Sends: 0, Статус: Новый сигнал
2024-08-22 16:13:27,642 - INFO - Chart for ADA/USDT generated successfully.
2024-08-22 16:13:28,846 - INFO - Message with chart sent successfully to chat 34949444: 3647
2024-08-22 16:13:28,848 - INFO - Увеличено count_sends для сигнала с ID 3. Затронуто строк: 1
2024-08-22 16:13:28,848 - INFO - Успешно увеличено count_sends для сигнала с ID 3
2024-08-22 16:13:28,850 - INFO - Сигнал с ID 3 отмечен как отправленный
2024-08-22 16:13:28,850 - INFO - Started sending messages for 1 signals.
2024-08-22 16:13:28,850 - INFO - Форматирование сигнала: TON/USDT, Count Sends: 0, Статус: Новый сигнал
2024-08-22 16:13:29,531 - INFO - Chart for TON/USDT generated successfully.
2024-08-22 16:13:30,807 - INFO - Message with chart sent successfully to chat 34949444: 3648
2024-08-22 16:13:30,809 - INFO - Увеличено count_sends для сигнала с ID 4. Затронуто строк: 1
2024-08-22 16:13:30,809 - INFO - Успешно увеличено count_sends для сигнала с ID 4
2024-08-22 16:13:30,811 - INFO - Сигнал с ID 4 отмечен как отправленный
2024-08-22 16:13:30,811 - INFO - Sent signals processing completed.
2024-08-22 16:14:22,375 - INFO - Processing pending signals.
2024-08-22 16:14:22,377 - INFO - Using chat_id: 34949444
2024-08-22 16:14:22,377 - INFO - Sending 4 signals. Actual signals sending is enabled.
2024-08-22 16:14:22,676 - INFO - Sent message with timestamp and separator
2024-08-22 16:14:22,677 - INFO - Started sending messages for 1 signals.
2024-08-22 16:14:22,677 - INFO - Форматирование сигнала: BTC/USDT, Count Sends: 1, Статус: Актуально
2024-08-22 16:14:23,396 - INFO - Chart for BTC/USDT generated successfully.
2024-08-22 16:14:24,950 - INFO - Message with chart sent successfully to chat 34949444: 3650
2024-08-22 16:14:24,953 - INFO - Увеличено count_sends для сигнала с ID 1. Затронуто строк: 1
2024-08-22 16:14:24,953 - INFO - Успешно увеличено count_sends для сигнала с ID 1
2024-08-22 16:14:24,955 - INFO - Сигнал с ID 1 отмечен как отправленный
2024-08-22 16:14:24,955 - INFO - Started sending messages for 1 signals.
2024-08-22 16:14:24,955 - INFO - Форматирование сигнала: ETH/USDT, Count Sends: 1, Статус: Актуально
2024-08-22 16:14:25,603 - INFO - Chart for ETH/USDT generated successfully.
2024-08-22 16:14:27,040 - INFO - Message with chart sent successfully to chat 34949444: 3651
2024-08-22 16:14:27,042 - INFO - Увеличено count_sends для сигнала с ID 2. Затронуто строк: 1
2024-08-22 16:14:27,043 - INFO - Успешно увеличено count_sends для сигнала с ID 2
2024-08-22 16:14:27,044 - INFO - Сигнал с ID 2 отмечен как отправленный
2024-08-22 16:14:27,045 - INFO - Started sending messages for 1 signals.
2024-08-22 16:14:27,045 - INFO - Форматирование сигнала: ADA/USDT, Count Sends: 1, Статус: Актуально
2024-08-22 16:14:27,866 - INFO - Chart for ADA/USDT generated successfully.
2024-08-22 16:14:29,134 - INFO - Message with chart sent successfully to chat 34949444: 3652
2024-08-22 16:14:29,136 - INFO - Увеличено count_sends для сигнала с ID 3. Затронуто строк: 1
2024-08-22 16:14:29,136 - INFO - Успешно увеличено count_sends для сигнала с ID 3
2024-08-22 16:14:29,139 - INFO - Сигнал с ID 3 отмечен как отправленный
2024-08-22 16:14:29,139 - INFO - Started sending messages for 1 signals.
2024-08-22 16:14:29,139 - INFO - Форматирование сигнала: TON/USDT, Count Sends: 1, Статус: Актуально
2024-08-22 16:14:29,912 - INFO - Chart for TON/USDT generated successfully.
2024-08-22 16:14:31,300 - INFO - Message with chart sent successfully to chat 34949444: 3653
2024-08-22 16:14:31,302 - INFO - Увеличено count_sends для сигнала с ID 4. Затронуто строк: 1
2024-08-22 16:14:31,302 - INFO - Успешно увеличено count_sends для сигнала с ID 4
2024-08-22 16:14:31,304 - INFO - Сигнал с ID 4 отмечен как отправленный
2024-08-22 16:14:31,304 - INFO - Sent signals processing completed.
2024-08-22 16:15:13,353 - INFO - Отправка актуальных сигналов отключена.
2024-08-22 16:15:13,518 - INFO - Отправка актуальных сигналов отключена. Новые и закрытые сигналы всё равно будут отправляться.
2024-08-22 16:15:22,394 - INFO - Processing pending signals.
2024-08-22 16:15:22,396 - INFO - Using chat_id: 34949444
2024-08-22 16:15:22,396 - INFO - Sending 4 signals. Actual signals sending is disabled.
2024-08-22 16:15:22,583 - INFO - Sent message with timestamp and separator
2024-08-22 16:15:22,583 - INFO - Пропущен актуальный сигнал с ID 1 из-за настроек отправки
2024-08-22 16:15:22,583 - INFO - Пропущен актуальный сигнал с ID 2 из-за настроек отправки
2024-08-22 16:15:22,584 - INFO - Пропущен актуальный сигнал с ID 3 из-за настроек отправки
2024-08-22 16:15:22,584 - INFO - Пропущен актуальный сигнал с ID 4 из-за настроек отправки
2024-08-22 16:15:22,584 - INFO - Sent signals processing completed.
2024-08-22 16:16:22,410 - INFO - Processing pending signals.
2024-08-22 16:16:22,415 - INFO - Using chat_id: 34949444
2024-08-22 16:16:22,415 - INFO - Sending 4 signals. Actual signals sending is disabled.
2024-08-22 16:16:22,735 - INFO - Sent message with timestamp and separator
2024-08-22 16:16:22,735 - INFO - Пропущен актуальный сигнал с ID 1 из-за настроек отправки
2024-08-22 16:16:22,735 - INFO - Пропущен актуальный сигнал с ID 2 из-за настроек отправки
2024-08-22 16:16:22,735 - INFO - Пропущен актуальный сигнал с ID 3 из-за настроек отправки
2024-08-22 16:16:22,735 - INFO - Пропущен актуальный сигнал с ID 4 из-за настроек отправки
2024-08-22 16:16:22,735 - INFO - Sent signals processing completed.
2024-08-22 16:26:05,322 - INFO - Запущена команда /delete_tables.
2024-08-22 16:26:05,689 - INFO - Все таблицы удалены и заново созданы.
2024-08-22 16:26:19,299 - INFO - Бот запускается.
2024-08-22 16:26:19,393 - INFO - Выполнение начального анализа и отправка сигналов.
2024-08-22 16:26:26,621 - INFO - Started sending messages for 4 signals.
2024-08-22 16:26:26,797 - INFO - Sent message with timestamp and separator: 2024-08-22 16:26
----------------------------------------
2024-08-22 16:26:26,798 - INFO - Форматирование сигнала: BTC/USDT, Count Sends: 0, Статус: Новый сигнал
2024-08-22 16:26:27,840 - INFO - Chart for BTC/USDT generated successfully.
2024-08-22 16:26:29,554 - INFO - Message with chart sent successfully to chat 34949444: 3667
2024-08-22 16:26:29,555 - INFO - Форматирование сигнала: ETH/USDT, Count Sends: 0, Статус: Новый сигнал
2024-08-22 16:26:30,247 - INFO - Chart for ETH/USDT generated successfully.
2024-08-22 16:26:31,733 - INFO - Message with chart sent successfully to chat 34949444: 3668
2024-08-22 16:26:31,733 - INFO - Форматирование сигнала: ADA/USDT, Count Sends: 0, Статус: Новый сигнал
2024-08-22 16:26:32,428 - INFO - Chart for ADA/USDT generated successfully.
2024-08-22 16:26:33,713 - INFO - Message with chart sent successfully to chat 34949444: 3669
2024-08-22 16:26:33,713 - INFO - Форматирование сигнала: TON/USDT, Count Sends: 0, Статус: Новый сигнал
2024-08-22 16:26:34,385 - INFO - Chart for TON/USDT generated successfully.
2024-08-22 16:26:35,655 - INFO - Message with chart sent successfully to chat 34949444: 3670
2024-08-22 16:26:35,761 - INFO - Периодическая проверка сигналов запущена.
2024-08-22 16:27:39,832 - INFO - Обработка ожидающих сигналов.
2024-08-22 16:27:39,835 - INFO - Используемый chat_id: 34949444
2024-08-22 16:27:39,835 - INFO - Отправка 4 сигналов. Отправка актуальных сигналов включена.
2024-08-22 16:27:40,125 - INFO - Отправлено сообщение с временной меткой и разделителем.
2024-08-22 16:27:40,125 - INFO - Обнаружен новый сигнал с ID 1.
2024-08-22 16:27:40,125 - INFO - Started sending messages for 1 signals.
2024-08-22 16:27:40,125 - INFO - Форматирование сигнала: BTC/USDT, Count Sends: 0, Статус: Новый сигнал
2024-08-22 16:27:41,342 - INFO - Chart for BTC/USDT generated successfully.
2024-08-22 16:27:42,707 - INFO - Message with chart sent successfully to chat 34949444: 3674
2024-08-22 16:27:42,710 - INFO - Увеличено count_sends для сигнала с ID 1. Затронуто строк: 1
2024-08-22 16:27:42,711 - INFO - Успешно увеличено count_sends для сигнала с ID 1
2024-08-22 16:27:42,713 - INFO - Сигнал с ID 1 отмечен как отправленный
2024-08-22 16:27:42,713 - INFO - Обнаружен новый сигнал с ID 2.
2024-08-22 16:27:42,713 - INFO - Started sending messages for 1 signals.
2024-08-22 16:27:42,713 - INFO - Форматирование сигнала: ETH/USDT, Count Sends: 0, Статус: Новый сигнал
2024-08-22 16:27:43,375 - INFO - Chart for ETH/USDT generated successfully.
2024-08-22 16:27:44,898 - INFO - Message with chart sent successfully to chat 34949444: 3675
2024-08-22 16:27:44,900 - INFO - Увеличено count_sends для сигнала с ID 2. Затронуто строк: 1
2024-08-22 16:27:44,901 - INFO - Успешно увеличено count_sends для сигнала с ID 2
2024-08-22 16:27:44,902 - INFO - Сигнал с ID 2 отмечен как отправленный
2024-08-22 16:27:44,902 - INFO - Обнаружен новый сигнал с ID 3.
2024-08-22 16:27:44,902 - INFO - Started sending messages for 1 signals.
2024-08-22 16:27:44,902 - INFO - Форматирование сигнала: ADA/USDT, Count Sends: 0, Статус: Новый сигнал
2024-08-22 16:27:45,545 - INFO - Chart for ADA/USDT generated successfully.
2024-08-22 16:27:46,831 - INFO - Message with chart sent successfully to chat 34949444: 3676
2024-08-22 16:27:46,834 - INFO - Увеличено count_sends для сигнала с ID 3. Затронуто строк: 1
2024-08-22 16:27:46,834 - INFO - Успешно увеличено count_sends для сигнала с ID 3
2024-08-22 16:27:46,836 - INFO - Сигнал с ID 3 отмечен как отправленный
2024-08-22 16:27:46,836 - INFO - Обнаружен новый сигнал с ID 4.
2024-08-22 16:27:46,836 - INFO - Started sending messages for 1 signals.
2024-08-22 16:27:46,836 - INFO - Форматирование сигнала: TON/USDT, Count Sends: 0, Статус: Новый сигнал
2024-08-22 16:27:47,541 - INFO - Chart for TON/USDT generated successfully.
2024-08-22 16:27:48,851 - INFO - Message with chart sent successfully to chat 34949444: 3677
2024-08-22 16:27:48,854 - INFO - Увеличено count_sends для сигнала с ID 4. Затронуто строк: 1
2024-08-22 16:27:48,854 - INFO - Успешно увеличено count_sends для сигнала с ID 4
2024-08-22 16:27:48,857 - INFO - Сигнал с ID 4 отмечен как отправленный
2024-08-22 16:27:48,857 - INFO - Обработка отправки сигналов завершена.
2024-08-22 16:28:40,282 - INFO - Обработка ожидающих сигналов.
2024-08-22 16:28:40,284 - INFO - Используемый chat_id: 34949444
2024-08-22 16:28:40,284 - INFO - Отправка 4 сигналов. Отправка актуальных сигналов включена.
2024-08-22 16:28:40,567 - INFO - Отправлено сообщение с временной меткой и разделителем.
2024-08-22 16:28:40,567 - INFO - Обнаружен актуальный сигнал с ID 1.
2024-08-22 16:28:40,567 - INFO - Started sending messages for 1 signals.
2024-08-22 16:28:40,567 - INFO - Форматирование сигнала: BTC/USDT, Count Sends: 1, Статус: Актуально
2024-08-22 16:28:41,896 - INFO - Chart for BTC/USDT generated successfully.
2024-08-22 16:28:43,235 - INFO - Message with chart sent successfully to chat 34949444: 3679
2024-08-22 16:28:43,239 - INFO - Увеличено count_sends для сигнала с ID 1. Затронуто строк: 1
2024-08-22 16:28:43,239 - INFO - Успешно увеличено count_sends для сигнала с ID 1
2024-08-22 16:28:43,241 - INFO - Сигнал с ID 1 отмечен как отправленный
2024-08-22 16:28:43,241 - INFO - Обнаружен актуальный сигнал с ID 2.
2024-08-22 16:28:43,241 - INFO - Started sending messages for 1 signals.
2024-08-22 16:28:43,242 - INFO - Форматирование сигнала: ETH/USDT, Count Sends: 1, Статус: Актуально
2024-08-22 16:28:43,912 - INFO - Chart for ETH/USDT generated successfully.
2024-08-22 16:28:45,379 - INFO - Message with chart sent successfully to chat 34949444: 3680
2024-08-22 16:28:45,381 - INFO - Увеличено count_sends для сигнала с ID 2. Затронуто строк: 1
2024-08-22 16:28:45,381 - INFO - Успешно увеличено count_sends для сигнала с ID 2
2024-08-22 16:28:45,384 - INFO - Сигнал с ID 2 отмечен как отправленный
2024-08-22 16:28:45,384 - INFO - Обнаружен актуальный сигнал с ID 3.
2024-08-22 16:28:45,384 - INFO - Started sending messages for 1 signals.
2024-08-22 16:28:45,384 - INFO - Форматирование сигнала: ADA/USDT, Count Sends: 1, Статус: Актуально
2024-08-22 16:28:46,219 - INFO - Chart for ADA/USDT generated successfully.
2024-08-22 16:28:47,458 - INFO - Message with chart sent successfully to chat 34949444: 3681
2024-08-22 16:28:47,461 - INFO - Увеличено count_sends для сигнала с ID 3. Затронуто строк: 1
2024-08-22 16:28:47,461 - INFO - Успешно увеличено count_sends для сигнала с ID 3
2024-08-22 16:28:47,463 - INFO - Сигнал с ID 3 отмечен как отправленный
2024-08-22 16:28:47,463 - INFO - Обнаружен актуальный сигнал с ID 4.
2024-08-22 16:28:47,463 - INFO - Started sending messages for 1 signals.
2024-08-22 16:28:47,463 - INFO - Форматирование сигнала: TON/USDT, Count Sends: 1, Статус: Актуально
2024-08-22 16:28:48,159 - INFO - Chart for TON/USDT generated successfully.
2024-08-22 16:28:49,361 - INFO - Message with chart sent successfully to chat 34949444: 3682
2024-08-22 16:28:49,366 - INFO - Увеличено count_sends для сигнала с ID 4. Затронуто строк: 1
2024-08-22 16:28:49,366 - INFO - Успешно увеличено count_sends для сигнала с ID 4
2024-08-22 16:28:49,368 - INFO - Сигнал с ID 4 отмечен как отправленный
2024-08-22 16:28:49,368 - INFO - Обработка отправки сигналов завершена.
2024-08-22 16:28:59,713 - INFO - Отправка актуальных сигналов отключена.
2024-08-22 16:28:59,925 - INFO - Отправка актуальных сигналов отключена. Новые и закрытые сигналы всё равно будут отправляться.
2024-08-22 16:29:39,764 - INFO - Обработка ожидающих сигналов.
2024-08-22 16:29:39,766 - INFO - Используемый chat_id: 34949444
2024-08-22 16:29:39,766 - INFO - Отправка 4 сигналов. Отправка актуальных сигналов выключена.
2024-08-22 16:29:39,766 - INFO - Обнаружен актуальный сигнал с ID 1.
2024-08-22 16:29:39,766 - INFO - Пропущен актуальный сигнал с ID 1 из-за настроек отправки
2024-08-22 16:29:39,766 - INFO - Обнаружен актуальный сигнал с ID 2.
2024-08-22 16:29:39,766 - INFO - Пропущен актуальный сигнал с ID 2 из-за настроек отправки
2024-08-22 16:29:39,766 - INFO - Обнаружен актуальный сигнал с ID 3.
2024-08-22 16:29:39,766 - INFO - Пропущен актуальный сигнал с ID 3 из-за настроек отправки
2024-08-22 16:29:39,766 - INFO - Обнаружен актуальный сигнал с ID 4.
2024-08-22 16:29:39,766 - INFO - Пропущен актуальный сигнал с ID 4 из-за настроек отправки
2024-08-22 16:29:39,766 - INFO - Обработка отправки сигналов завершена.
2024-08-22 16:30:00,004 - INFO - Отправка актуальных сигналов включена.
2024-08-22 16:30:00,240 - INFO - Отправка актуальных сигналов включена.
2024-08-22 16:30:39,826 - INFO - Обработка ожидающих сигналов.
2024-08-22 16:30:39,829 - INFO - Используемый chat_id: 34949444
2024-08-22 16:30:39,829 - INFO - Отправка 4 сигналов. Отправка актуальных сигналов включена.
2024-08-22 16:30:40,309 - INFO - Отправлено сообщение с временной меткой и разделителем.
2024-08-22 16:30:40,309 - INFO - Обнаружен актуальный сигнал с ID 1.
2024-08-22 16:30:40,309 - INFO - Started sending messages for 1 signals.
2024-08-22 16:30:40,309 - INFO - Форматирование сигнала: BTC/USDT, Count Sends: 2, Статус: Актуально
2024-08-22 16:30:40,981 - INFO - Chart for BTC/USDT generated successfully.
2024-08-22 16:30:42,655 - INFO - Message with chart sent successfully to chat 34949444: 3690
2024-08-22 16:30:42,659 - INFO - Увеличено count_sends для сигнала с ID 1. Затронуто строк: 1
2024-08-22 16:30:42,659 - INFO - Успешно увеличено count_sends для сигнала с ID 1
2024-08-22 16:30:42,660 - INFO - Сигнал с ID 1 отмечен как отправленный
2024-08-22 16:30:42,661 - INFO - Обнаружен актуальный сигнал с ID 2.
2024-08-22 16:30:42,661 - INFO - Started sending messages for 1 signals.
2024-08-22 16:30:42,661 - INFO - Форматирование сигнала: ETH/USDT, Count Sends: 2, Статус: Актуально
2024-08-22 16:30:43,322 - INFO - Chart for ETH/USDT generated successfully.
2024-08-22 16:30:44,581 - INFO - Message with chart sent successfully to chat 34949444: 3691
2024-08-22 16:30:44,584 - INFO - Увеличено count_sends для сигнала с ID 2. Затронуто строк: 1
2024-08-22 16:30:44,584 - INFO - Успешно увеличено count_sends для сигнала с ID 2
2024-08-22 16:30:44,586 - INFO - Сигнал с ID 2 отмечен как отправленный
2024-08-22 16:30:44,586 - INFO - Обнаружен актуальный сигнал с ID 3.
2024-08-22 16:30:44,586 - INFO - Started sending messages for 1 signals.
2024-08-22 16:30:44,586 - INFO - Форматирование сигнала: ADA/USDT, Count Sends: 2, Статус: Актуально
2024-08-22 16:30:45,261 - INFO - Chart for ADA/USDT generated successfully.
2024-08-22 16:30:46,777 - INFO - Message with chart sent successfully to chat 34949444: 3692
2024-08-22 16:30:46,779 - INFO - Увеличено count_sends для сигнала с ID 3. Затронуто строк: 1
2024-08-22 16:30:46,779 - INFO - Успешно увеличено count_sends для сигнала с ID 3
2024-08-22 16:30:46,781 - INFO - Сигнал с ID 3 отмечен как отправленный
2024-08-22 16:30:46,781 - INFO - Обнаружен актуальный сигнал с ID 4.
2024-08-22 16:30:46,781 - INFO - Started sending messages for 1 signals.
2024-08-22 16:30:46,781 - INFO - Форматирование сигнала: TON/USDT, Count Sends: 2, Статус: Актуально
2024-08-22 16:30:47,449 - INFO - Chart for TON/USDT generated successfully.
2024-08-22 16:30:49,136 - INFO - Message with chart sent successfully to chat 34949444: 3693
2024-08-22 16:30:49,139 - INFO - Увеличено count_sends для сигнала с ID 4. Затронуто строк: 1
2024-08-22 16:30:49,139 - INFO - Успешно увеличено count_sends для сигнала с ID 4
2024-08-22 16:30:49,142 - INFO - Сигнал с ID 4 отмечен как отправленный
2024-08-22 16:30:49,142 - INFO - Обработка отправки сигналов завершена.
2024-08-22 16:33:00,614 - INFO - Обработка ожидающих сигналов.
2024-08-22 16:33:00,617 - INFO - Используемый chat_id: 34949444
2024-08-22 16:33:00,617 - INFO - Отправка 4 сигналов. Отправка актуальных сигналов включена.
2024-08-22 16:33:00,955 - INFO - Отправлено сообщение с временной меткой и разделителем.
2024-08-22 16:33:00,955 - INFO - Обнаружен актуальный сигнал с ID 1.
2024-08-22 16:33:00,955 - INFO - Started sending messages for 1 signals.
2024-08-22 16:33:00,955 - INFO - Форматирование сигнала: BTC/USDT, Count Sends: 3, Статус: Актуально
2024-08-22 16:33:01,643 - INFO - Chart for BTC/USDT generated successfully.
2024-08-22 16:33:06,381 - INFO - Message with chart sent successfully to chat 34949444: 3699
2024-08-22 16:33:06,389 - INFO - Увеличено count_sends для сигнала с ID 1. Затронуто строк: 1
2024-08-22 16:33:06,390 - INFO - Успешно увеличено count_sends для сигнала с ID 1
2024-08-22 16:33:06,393 - INFO - Сигнал с ID 1 отмечен как отправленный
2024-08-22 16:33:06,393 - INFO - Обнаружен актуальный сигнал с ID 2.
2024-08-22 16:33:06,393 - INFO - Started sending messages for 1 signals.
2024-08-22 16:33:06,393 - INFO - Форматирование сигнала: ETH/USDT, Count Sends: 3, Статус: Актуально
2024-08-22 16:33:07,048 - INFO - Chart for ETH/USDT generated successfully.
2024-08-22 16:33:08,454 - INFO - Message with chart sent successfully to chat 34949444: 3700
2024-08-22 16:33:08,457 - INFO - Увеличено count_sends для сигнала с ID 2. Затронуто строк: 1
2024-08-22 16:33:08,457 - INFO - Успешно увеличено count_sends для сигнала с ID 2
2024-08-22 16:33:08,459 - INFO - Сигнал с ID 2 отмечен как отправленный
2024-08-22 16:33:08,459 - INFO - Обнаружен актуальный сигнал с ID 3.
2024-08-22 16:33:08,459 - INFO - Started sending messages for 1 signals.
2024-08-22 16:33:08,459 - INFO - Форматирование сигнала: ADA/USDT, Count Sends: 3, Статус: Актуально
2024-08-22 16:33:09,143 - INFO - Chart for ADA/USDT generated successfully.
2024-08-22 16:33:10,480 - INFO - Message with chart sent successfully to chat 34949444: 3701
2024-08-22 16:33:10,483 - INFO - Увеличено count_sends для сигнала с ID 3. Затронуто строк: 1
2024-08-22 16:33:10,483 - INFO - Успешно увеличено count_sends для сигнала с ID 3
2024-08-22 16:33:10,485 - INFO - Сигнал с ID 3 отмечен как отправленный
2024-08-22 16:33:10,485 - INFO - Обнаружен актуальный сигнал с ID 4.
2024-08-22 16:33:10,485 - INFO - Started sending messages for 1 signals.
2024-08-22 16:33:10,485 - INFO - Форматирование сигнала: TON/USDT, Count Sends: 3, Статус: Актуально
2024-08-22 16:33:11,149 - INFO - Chart for TON/USDT generated successfully.
2024-08-22 16:33:12,366 - INFO - Message with chart sent successfully to chat 34949444: 3702
2024-08-22 16:33:12,369 - INFO - Увеличено count_sends для сигнала с ID 4. Затронуто строк: 1
2024-08-22 16:33:12,369 - INFO - Успешно увеличено count_sends для сигнала с ID 4
2024-08-22 16:33:12,370 - INFO - Сигнал с ID 4 отмечен как отправленный
2024-08-22 16:33:12,370 - INFO - Обработка отправки сигналов завершена.
2024-08-22 16:34:41,110 - INFO - Обработка ожидающих сигналов.
2024-08-22 16:34:41,112 - INFO - Используемый chat_id: 34949444
2024-08-22 16:34:41,112 - INFO - Отправка 4 сигналов. Отправка актуальных сигналов включена.
2024-08-22 16:34:41,457 - INFO - Отправлено сообщение с временной меткой и разделителем.
2024-08-22 16:34:41,457 - INFO - Обнаружен актуальный сигнал с ID 1.
2024-08-22 16:34:41,458 - INFO - Started sending messages for 1 signals.
2024-08-22 16:34:41,458 - INFO - Форматирование сигнала: BTC/USDT, Count Sends: 4, Статус: Актуально
2024-08-22 16:34:42,118 - INFO - Chart for BTC/USDT generated successfully.
2024-08-22 16:34:43,789 - INFO - Message with chart sent successfully to chat 34949444: 3706
2024-08-22 16:34:43,793 - INFO - Увеличено count_sends для сигнала с ID 1. Затронуто строк: 1
2024-08-22 16:34:43,793 - INFO - Успешно увеличено count_sends для сигнала с ID 1
2024-08-22 16:34:43,795 - INFO - Сигнал с ID 1 отмечен как отправленный
2024-08-22 16:34:43,795 - INFO - Обнаружен актуальный сигнал с ID 2.
2024-08-22 16:34:43,795 - INFO - Started sending messages for 1 signals.
2024-08-22 16:34:43,795 - INFO - Форматирование сигнала: ETH/USDT, Count Sends: 4, Статус: Актуально
2024-08-22 16:34:44,442 - INFO - Chart for ETH/USDT generated successfully.
2024-08-22 16:34:45,838 - INFO - Message with chart sent successfully to chat 34949444: 3707
2024-08-22 16:34:45,842 - INFO - Увеличено count_sends для сигнала с ID 2. Затронуто строк: 1
2024-08-22 16:34:45,842 - INFO - Успешно увеличено count_sends для сигнала с ID 2
2024-08-22 16:34:45,850 - INFO - Сигнал с ID 2 отмечен как отправленный
2024-08-22 16:34:45,850 - INFO - Обнаружен актуальный сигнал с ID 3.
2024-08-22 16:34:45,850 - INFO - Started sending messages for 1 signals.
2024-08-22 16:34:45,851 - INFO - Форматирование сигнала: ADA/USDT, Count Sends: 4, Статус: Актуально
2024-08-22 16:34:46,513 - INFO - Chart for ADA/USDT generated successfully.
2024-08-22 16:34:48,000 - INFO - Message with chart sent successfully to chat 34949444: 3708
2024-08-22 16:34:48,002 - INFO - Увеличено count_sends для сигнала с ID 3. Затронуто строк: 1
2024-08-22 16:34:48,002 - INFO - Успешно увеличено count_sends для сигнала с ID 3
2024-08-22 16:34:48,003 - INFO - Сигнал с ID 3 отмечен как отправленный
2024-08-22 16:34:48,003 - INFO - Обнаружен актуальный сигнал с ID 4.
2024-08-22 16:34:48,004 - INFO - Started sending messages for 1 signals.
2024-08-22 16:34:48,004 - INFO - Форматирование сигнала: TON/USDT, Count Sends: 4, Статус: Актуально
2024-08-22 16:34:48,743 - INFO - Chart for TON/USDT generated successfully.
2024-08-22 16:34:50,038 - INFO - Message with chart sent successfully to chat 34949444: 3709
2024-08-22 16:34:50,041 - INFO - Увеличено count_sends для сигнала с ID 4. Затронуто строк: 1
2024-08-22 16:34:50,042 - INFO - Успешно увеличено count_sends для сигнала с ID 4
2024-08-22 16:34:50,043 - INFO - Сигнал с ID 4 отмечен как отправленный
2024-08-22 16:34:50,043 - INFO - Обработка отправки сигналов завершена.
2024-08-22 16:34:58,273 - INFO - Запрос логов через команду /logs
2024-08-22 16:34:58,537 - INFO - Файл general.log отправлен.
2024-08-22 16:34:58,903 - INFO - Файл project_tree_output.txt отправлен.
2024-08-22 16:34:58,970 - ERROR - Ошибка при отправке файлов: A request to the Telegram API was unsuccessful. Error code: 413. Description: Request Entity Too Large
2024-08-22 16:35:21,248 - INFO - Запрос логов через команду /logs
2024-08-22 16:35:21,737 - INFO - Файл general.log отправлен.
2024-08-22 16:35:21,954 - INFO - Файл project_tree_output.txt отправлен.
2024-08-22 16:35:22,023 - ERROR - Ошибка при отправке файлов: A request to the Telegram API was unsuccessful. Error code: 413. Description: Request Entity Too Large
2024-08-22 16:35:41,124 - INFO - Обработка ожидающих сигналов.
2024-08-22 16:35:41,126 - INFO - Используемый chat_id: 34949444
2024-08-22 16:35:41,127 - INFO - Отправка 4 сигналов. Отправка актуальных сигналов включена.
2024-08-22 16:35:41,943 - INFO - Отправлено сообщение с временной меткой и разделителем.
2024-08-22 16:35:41,944 - INFO - Обнаружен актуальный сигнал с ID 1.
2024-08-22 16:35:41,944 - INFO - Started sending messages for 1 signals.
2024-08-22 16:35:41,944 - INFO - Форматирование сигнала: BTC/USDT, Count Sends: 5, Статус: Актуально
2024-08-22 16:35:42,772 - INFO - Chart for BTC/USDT generated successfully.
2024-08-22 16:35:44,137 - INFO - Message with chart sent successfully to chat 34949444: 3719
2024-08-22 16:35:44,138 - INFO - Увеличено count_sends для сигнала с ID 1. Затронуто строк: 1
2024-08-22 16:35:44,138 - INFO - Успешно увеличено count_sends для сигнала с ID 1
2024-08-22 16:35:44,139 - INFO - Сигнал с ID 1 отмечен как отправленный
2024-08-22 16:35:44,139 - INFO - Обнаружен актуальный сигнал с ID 2.
2024-08-22 16:35:44,139 - INFO - Started sending messages for 1 signals.
2024-08-22 16:35:44,139 - INFO - Форматирование сигнала: ETH/USDT, Count Sends: 5, Статус: Актуально
2024-08-22 16:35:44,766 - INFO - Chart for ETH/USDT generated successfully.
2024-08-22 16:35:46,117 - INFO - Message with chart sent successfully to chat 34949444: 3720
2024-08-22 16:35:46,119 - INFO - Увеличено count_sends для сигнала с ID 2. Затронуто строк: 1
2024-08-22 16:35:46,120 - INFO - Успешно увеличено count_sends для сигнала с ID 2
2024-08-22 16:35:46,123 - INFO - Сигнал с ID 2 отмечен как отправленный
2024-08-22 16:35:46,124 - INFO - Обнаружен актуальный сигнал с ID 3.
2024-08-22 16:35:46,124 - INFO - Started sending messages for 1 signals.
2024-08-22 16:35:46,124 - INFO - Форматирование сигнала: ADA/USDT, Count Sends: 5, Статус: Актуально
2024-08-22 16:35:46,843 - INFO - Chart for ADA/USDT generated successfully.
2024-08-22 16:35:48,231 - INFO - Message with chart sent successfully to chat 34949444: 3721
2024-08-22 16:35:48,235 - INFO - Увеличено count_sends для сигнала с ID 3. Затронуто строк: 1
2024-08-22 16:35:48,235 - INFO - Успешно увеличено count_sends для сигнала с ID 3
2024-08-22 16:35:48,237 - INFO - Сигнал с ID 3 отмечен как отправленный
2024-08-22 16:35:48,237 - INFO - Обнаружен актуальный сигнал с ID 4.
2024-08-22 16:35:48,237 - INFO - Started sending messages for 1 signals.
2024-08-22 16:35:48,237 - INFO - Форматирование сигнала: TON/USDT, Count Sends: 5, Статус: Актуально
2024-08-22 16:35:49,343 - INFO - Chart for TON/USDT generated successfully.
2024-08-22 16:35:50,776 - INFO - Message with chart sent successfully to chat 34949444: 3722
2024-08-22 16:35:50,779 - INFO - Увеличено count_sends для сигнала с ID 4. Затронуто строк: 1
2024-08-22 16:35:50,779 - INFO - Успешно увеличено count_sends для сигнала с ID 4
2024-08-22 16:35:50,781 - INFO - Сигнал с ID 4 отмечен как отправленный
2024-08-22 16:35:50,781 - INFO - Обработка отправки сигналов завершена.
2024-08-22 16:35:54,527 - INFO - Отправка актуальных сигналов отключена.
2024-08-22 16:35:54,616 - INFO - Отправка актуальных сигналов отключена. Новые и закрытые сигналы всё равно будут отправляться.
2024-08-22 16:36:00,481 - INFO - Отправка актуальных сигналов включена.
2024-08-22 16:36:00,663 - INFO - Отправка актуальных сигналов включена.
2024-08-22 16:36:41,422 - INFO - Обработка ожидающих сигналов.
2024-08-22 16:36:41,425 - INFO - Используемый chat_id: 34949444
2024-08-22 16:36:41,425 - INFO - Отправка 4 сигналов. Отправка актуальных сигналов включена.
2024-08-22 16:36:41,743 - INFO - Отправлено сообщение с временной меткой и разделителем.
2024-08-22 16:36:41,743 - INFO - Обнаружен актуальный сигнал с ID 1.
2024-08-22 16:36:41,743 - INFO - Started sending messages for 1 signals.
2024-08-22 16:36:41,744 - INFO - Форматирование сигнала: BTC/USDT, Count Sends: 6, Статус: Актуально
2024-08-22 16:36:42,512 - INFO - Chart for BTC/USDT generated successfully.
2024-08-22 16:36:43,962 - INFO - Message with chart sent successfully to chat 34949444: 3730
2024-08-22 16:36:43,965 - INFO - Увеличено count_sends для сигнала с ID 1. Затронуто строк: 1
2024-08-22 16:36:43,965 - INFO - Успешно увеличено count_sends для сигнала с ID 1
2024-08-22 16:36:43,966 - INFO - Сигнал с ID 1 отмечен как отправленный
2024-08-22 16:36:43,966 - INFO - Обнаружен актуальный сигнал с ID 2.
2024-08-22 16:36:43,966 - INFO - Started sending messages for 1 signals.
2024-08-22 16:36:43,967 - INFO - Форматирование сигнала: ETH/USDT, Count Sends: 6, Статус: Актуально
2024-08-22 16:36:44,647 - INFO - Chart for ETH/USDT generated successfully.
2024-08-22 16:36:46,327 - INFO - Message with chart sent successfully to chat 34949444: 3731
2024-08-22 16:36:46,330 - INFO - Увеличено count_sends для сигнала с ID 2. Затронуто строк: 1
2024-08-22 16:36:46,331 - INFO - Успешно увеличено count_sends для сигнала с ID 2
2024-08-22 16:36:46,333 - INFO - Сигнал с ID 2 отмечен как отправленный
2024-08-22 16:36:46,334 - INFO - Обнаружен актуальный сигнал с ID 3.
2024-08-22 16:36:46,334 - INFO - Started sending messages for 1 signals.
2024-08-22 16:36:46,334 - INFO - Форматирование сигнала: ADA/USDT, Count Sends: 6, Статус: Актуально
2024-08-22 16:36:47,020 - INFO - Chart for ADA/USDT generated successfully.
2024-08-22 16:36:48,662 - INFO - Message with chart sent successfully to chat 34949444: 3732
2024-08-22 16:36:48,672 - INFO - Увеличено count_sends для сигнала с ID 3. Затронуто строк: 1
2024-08-22 16:36:48,673 - INFO - Успешно увеличено count_sends для сигнала с ID 3
2024-08-22 16:36:48,676 - INFO - Сигнал с ID 3 отмечен как отправленный
2024-08-22 16:36:48,676 - INFO - Обнаружен актуальный сигнал с ID 4.
2024-08-22 16:36:48,677 - INFO - Started sending messages for 1 signals.
2024-08-22 16:36:48,677 - INFO - Форматирование сигнала: TON/USDT, Count Sends: 6, Статус: Актуально
2024-08-22 16:36:49,509 - INFO - Chart for TON/USDT generated successfully.
2024-08-22 16:36:50,871 - INFO - Message with chart sent successfully to chat 34949444: 3733
2024-08-22 16:36:50,873 - INFO - Увеличено count_sends для сигнала с ID 4. Затронуто строк: 1
2024-08-22 16:36:50,874 - INFO - Успешно увеличено count_sends для сигнала с ID 4
2024-08-22 16:36:50,876 - INFO - Сигнал с ID 4 отмечен как отправленный
2024-08-22 16:36:50,876 - INFO - Обработка отправки сигналов завершена.
2024-08-22 16:36:53,253 - INFO - Запрос логов через команду /logs
2024-08-22 16:36:53,585 - INFO - Файл general.log отправлен.
2024-08-22 16:36:53,857 - INFO - Файл project_tree_output.txt отправлен.
2024-08-22 16:36:53,920 - ERROR - Ошибка при отправке файлов: A request to the Telegram API was unsuccessful. Error code: 413. Description: Request Entity Too Large
2024-08-22 16:37:16,329 - INFO - Запущена команда /count.
2024-08-22 16:37:16,632 - INFO - Количество открытых сигналов: 4, закрытых сигналов: 0
2024-08-22 16:37:18,827 - INFO - Команда /show запущена.
2024-08-22 16:37:18,830 - INFO - Найдено 4 активных сигналов.
2024-08-22 16:37:18,830 - INFO - Started sending messages for 4 signals.
2024-08-22 16:37:18,947 - INFO - Sent message with timestamp and separator: 2024-08-22 16:37
----------------------------------------
2024-08-22 16:37:18,948 - INFO - Форматирование сигнала: BTC/USDT, Count Sends: 7, Статус: Актуально
2024-08-22 16:37:19,661 - INFO - Chart for BTC/USDT generated successfully.
2024-08-22 16:37:21,198 - INFO - Message with chart sent successfully to chat 34949444: 3742
2024-08-22 16:37:21,198 - INFO - Форматирование сигнала: ETH/USDT, Count Sends: 7, Статус: Актуально
2024-08-22 16:37:21,884 - INFO - Chart for ETH/USDT generated successfully.
2024-08-22 16:37:23,402 - INFO - Message with chart sent successfully to chat 34949444: 3743
2024-08-22 16:37:23,403 - INFO - Форматирование сигнала: ADA/USDT, Count Sends: 7, Статус: Актуально
2024-08-22 16:37:24,090 - INFO - Chart for ADA/USDT generated successfully.
2024-08-22 16:37:25,532 - INFO - Message with chart sent successfully to chat 34949444: 3744
2024-08-22 16:37:25,533 - INFO - Форматирование сигнала: TON/USDT, Count Sends: 7, Статус: Актуально
2024-08-22 16:37:31,218 - INFO - Chart for TON/USDT generated successfully.
2024-08-22 16:37:32,681 - INFO - Message with chart sent successfully to chat 34949444: 3746
2024-08-22 16:37:32,683 - INFO - Закрытых сигналов нет.
2024-08-22 16:37:42,243 - INFO - Обработка ожидающих сигналов.
2024-08-22 16:37:42,245 - INFO - Используемый chat_id: 34949444
2024-08-22 16:37:42,245 - INFO - Отправка 4 сигналов. Отправка актуальных сигналов включена.
2024-08-22 16:37:42,395 - INFO - Отправлено сообщение с временной меткой и разделителем.
2024-08-22 16:37:42,395 - INFO - Обнаружен актуальный сигнал с ID 1.
2024-08-22 16:37:42,395 - INFO - Started sending messages for 1 signals.
2024-08-22 16:37:42,395 - INFO - Форматирование сигнала: BTC/USDT, Count Sends: 7, Статус: Актуально
2024-08-22 16:37:43,074 - INFO - Chart for BTC/USDT generated successfully.
2024-08-22 16:37:44,548 - INFO - Message with chart sent successfully to chat 34949444: 3749
2024-08-22 16:37:44,551 - INFO - Увеличено count_sends для сигнала с ID 1. Затронуто строк: 1
2024-08-22 16:37:44,552 - INFO - Успешно увеличено count_sends для сигнала с ID 1
2024-08-22 16:37:44,554 - INFO - Сигнал с ID 1 отмечен как отправленный
2024-08-22 16:37:44,555 - INFO - Обнаружен актуальный сигнал с ID 2.
2024-08-22 16:37:44,555 - INFO - Started sending messages for 1 signals.
2024-08-22 16:37:44,555 - INFO - Форматирование сигнала: ETH/USDT, Count Sends: 7, Статус: Актуально
2024-08-22 16:37:45,267 - INFO - Chart for ETH/USDT generated successfully.
2024-08-22 16:37:46,485 - INFO - Message with chart sent successfully to chat 34949444: 3750
2024-08-22 16:37:46,488 - INFO - Увеличено count_sends для сигнала с ID 2. Затронуто строк: 1
2024-08-22 16:37:46,488 - INFO - Успешно увеличено count_sends для сигнала с ID 2
2024-08-22 16:37:46,494 - INFO - Сигнал с ID 2 отмечен как отправленный
2024-08-22 16:37:46,496 - INFO - Обнаружен актуальный сигнал с ID 3.
2024-08-22 16:37:46,504 - INFO - Started sending messages for 1 signals.
2024-08-22 16:37:46,504 - INFO - Форматирование сигнала: ADA/USDT, Count Sends: 7, Статус: Актуально
2024-08-22 16:37:47,186 - INFO - Chart for ADA/USDT generated successfully.
2024-08-22 16:37:48,470 - INFO - Message with chart sent successfully to chat 34949444: 3751
2024-08-22 16:37:48,474 - INFO - Увеличено count_sends для сигнала с ID 3. Затронуто строк: 1
2024-08-22 16:37:48,474 - INFO - Успешно увеличено count_sends для сигнала с ID 3
2024-08-22 16:37:48,476 - INFO - Сигнал с ID 3 отмечен как отправленный
2024-08-22 16:37:48,477 - INFO - Обнаружен актуальный сигнал с ID 4.
2024-08-22 16:37:48,477 - INFO - Started sending messages for 1 signals.
2024-08-22 16:37:48,477 - INFO - Форматирование сигнала: TON/USDT, Count Sends: 7, Статус: Актуально
2024-08-22 16:37:49,189 - INFO - Chart for TON/USDT generated successfully.
2024-08-22 16:37:50,392 - INFO - Message with chart sent successfully to chat 34949444: 3752
2024-08-22 16:37:50,395 - INFO - Увеличено count_sends для сигнала с ID 4. Затронуто строк: 1
2024-08-22 16:37:50,395 - INFO - Успешно увеличено count_sends для сигнала с ID 4
2024-08-22 16:37:50,397 - INFO - Сигнал с ID 4 отмечен как отправленный
2024-08-22 16:37:50,398 - INFO - Обработка отправки сигналов завершена.
2024-08-22 16:38:13,820 - INFO - Отправка актуальных сигналов отключена.
2024-08-22 16:38:13,910 - INFO - Отправка актуальных сигналов отключена. Новые и закрытые сигналы всё равно будут отправляться.
2024-08-22 16:38:17,291 - INFO - Отправка актуальных сигналов включена.
2024-08-22 16:38:17,428 - INFO - Отправка актуальных сигналов включена.
2024-08-22 16:38:41,117 - INFO - Обработка ожидающих сигналов.
2024-08-22 16:38:41,118 - INFO - Используемый chat_id: 34949444
2024-08-22 16:38:41,119 - INFO - Отправка 4 сигналов. Отправка актуальных сигналов включена.
2024-08-22 16:38:41,437 - INFO - Отправлено сообщение с временной меткой и разделителем.
2024-08-22 16:38:41,437 - INFO - Обнаружен актуальный сигнал с ID 1.
2024-08-22 16:38:41,438 - INFO - Started sending messages for 1 signals.
2024-08-22 16:38:41,438 - INFO - Форматирование сигнала: BTC/USDT, Count Sends: 8, Статус: Актуально
2024-08-22 16:38:42,133 - INFO - Chart for BTC/USDT generated successfully.
2024-08-22 16:38:43,715 - INFO - Message with chart sent successfully to chat 34949444: 3760
2024-08-22 16:38:43,718 - INFO - Увеличено count_sends для сигнала с ID 1. Затронуто строк: 1
2024-08-22 16:38:43,719 - INFO - Успешно увеличено count_sends для сигнала с ID 1
2024-08-22 16:38:43,719 - INFO - Сигнал с ID 1 отмечен как отправленный
2024-08-22 16:38:43,720 - INFO - Обнаружен актуальный сигнал с ID 2.
2024-08-22 16:38:43,720 - INFO - Started sending messages for 1 signals.
2024-08-22 16:38:43,720 - INFO - Форматирование сигнала: ETH/USDT, Count Sends: 8, Статус: Актуально
2024-08-22 16:38:44,656 - INFO - Chart for ETH/USDT generated successfully.
2024-08-22 16:38:45,960 - INFO - Message with chart sent successfully to chat 34949444: 3761
2024-08-22 16:38:45,966 - INFO - Увеличено count_sends для сигнала с ID 2. Затронуто строк: 1
2024-08-22 16:38:45,966 - INFO - Успешно увеличено count_sends для сигнала с ID 2
2024-08-22 16:38:45,968 - INFO - Сигнал с ID 2 отмечен как отправленный
2024-08-22 16:38:45,968 - INFO - Обнаружен актуальный сигнал с ID 3.
2024-08-22 16:38:45,968 - INFO - Started sending messages for 1 signals.
2024-08-22 16:38:45,969 - INFO - Форматирование сигнала: ADA/USDT, Count Sends: 8, Статус: Актуально
2024-08-22 16:38:46,656 - INFO - Chart for ADA/USDT generated successfully.
2024-08-22 16:38:47,954 - INFO - Message with chart sent successfully to chat 34949444: 3762
2024-08-22 16:38:47,957 - INFO - Увеличено count_sends для сигнала с ID 3. Затронуто строк: 1
2024-08-22 16:38:47,957 - INFO - Успешно увеличено count_sends для сигнала с ID 3
2024-08-22 16:38:47,959 - INFO - Сигнал с ID 3 отмечен как отправленный
2024-08-22 16:38:47,959 - INFO - Обнаружен актуальный сигнал с ID 4.
2024-08-22 16:38:47,959 - INFO - Started sending messages for 1 signals.
2024-08-22 16:38:47,959 - INFO - Форматирование сигнала: TON/USDT, Count Sends: 8, Статус: Актуально
2024-08-22 16:38:48,629 - INFO - Chart for TON/USDT generated successfully.
2024-08-22 16:38:49,834 - INFO - Message with chart sent successfully to chat 34949444: 3763
2024-08-22 16:38:49,838 - INFO - Увеличено count_sends для сигнала с ID 4. Затронуто строк: 1
2024-08-22 16:38:49,839 - INFO - Успешно увеличено count_sends для сигнала с ID 4
2024-08-22 16:38:49,840 - INFO - Сигнал с ID 4 отмечен как отправленный
2024-08-22 16:38:49,841 - INFO - Обработка отправки сигналов завершена.
2024-08-22 16:39:41,150 - INFO - Обработка ожидающих сигналов.
2024-08-22 16:39:41,154 - INFO - Используемый chat_id: 34949444
2024-08-22 16:39:41,154 - INFO - Отправка 4 сигналов. Отправка актуальных сигналов включена.
2024-08-22 16:39:41,450 - INFO - Отправлено сообщение с временной меткой и разделителем.
2024-08-22 16:39:41,450 - INFO - Обнаружен актуальный сигнал с ID 1.
2024-08-22 16:39:41,451 - INFO - Started sending messages for 1 signals.
2024-08-22 16:39:41,451 - INFO - Форматирование сигнала: BTC/USDT, Count Sends: 9, Статус: Актуально
2024-08-22 16:39:42,136 - INFO - Chart for BTC/USDT generated successfully.
2024-08-22 16:39:43,548 - INFO - Message with chart sent successfully to chat 34949444: 3765
2024-08-22 16:39:43,552 - INFO - Увеличено count_sends для сигнала с ID 1. Затронуто строк: 1
2024-08-22 16:39:43,552 - INFO - Успешно увеличено count_sends для сигнала с ID 1
2024-08-22 16:39:43,554 - INFO - Сигнал с ID 1 отмечен как отправленный
2024-08-22 16:39:43,554 - INFO - Обнаружен актуальный сигнал с ID 2.
2024-08-22 16:39:43,554 - INFO - Started sending messages for 1 signals.
2024-08-22 16:39:43,554 - INFO - Форматирование сигнала: ETH/USDT, Count Sends: 9, Статус: Актуально
2024-08-22 16:39:44,251 - INFO - Chart for ETH/USDT generated successfully.
2024-08-22 16:39:45,542 - INFO - Message with chart sent successfully to chat 34949444: 3766
2024-08-22 16:39:45,545 - INFO - Увеличено count_sends для сигнала с ID 2. Затронуто строк: 1
2024-08-22 16:39:45,545 - INFO - Успешно увеличено count_sends для сигнала с ID 2
2024-08-22 16:39:45,547 - INFO - Сигнал с ID 2 отмечен как отправленный
2024-08-22 16:39:45,547 - INFO - Обнаружен актуальный сигнал с ID 3.
2024-08-22 16:39:45,547 - INFO - Started sending messages for 1 signals.
2024-08-22 16:39:45,547 - INFO - Форматирование сигнала: ADA/USDT, Count Sends: 9, Статус: Актуально
2024-08-22 16:39:46,692 - INFO - Chart for ADA/USDT generated successfully.
2024-08-22 16:39:48,055 - INFO - Message with chart sent successfully to chat 34949444: 3767
2024-08-22 16:39:48,059 - INFO - Увеличено count_sends для сигнала с ID 3. Затронуто строк: 1
2024-08-22 16:39:48,059 - INFO - Успешно увеличено count_sends для сигнала с ID 3
2024-08-22 16:39:48,061 - INFO - Сигнал с ID 3 отмечен как отправленный
2024-08-22 16:39:48,062 - INFO - Обнаружен актуальный сигнал с ID 4.
2024-08-22 16:39:48,062 - INFO - Started sending messages for 1 signals.
2024-08-22 16:39:48,062 - INFO - Форматирование сигнала: TON/USDT, Count Sends: 9, Статус: Актуально
2024-08-22 16:39:48,763 - INFO - Chart for TON/USDT generated successfully.
2024-08-22 16:39:50,216 - INFO - Message with chart sent successfully to chat 34949444: 3768
2024-08-22 16:39:50,219 - INFO - Увеличено count_sends для сигнала с ID 4. Затронуто строк: 1
2024-08-22 16:39:50,219 - INFO - Успешно увеличено count_sends для сигнала с ID 4
2024-08-22 16:39:50,221 - INFO - Сигнал с ID 4 отмечен как отправленный
2024-08-22 16:39:50,221 - INFO - Обработка отправки сигналов завершена.
